==> Preparing data..
Files already downloaded and verified
Files already downloaded and verified
==> Building model..
Net building finished
==> Resuming from checkpoint..

Epoch: 134
learning rate is 0.0010000000000000002
Training Loss: 0.003 | Acc: 99.980% (49990/50000)
Testing Loss: 0.200 | Acc: 94.880% (9488/10000)

Epoch: 135
learning rate is 0.0010000000000000002
Training Loss: 0.003 | Acc: 99.962% (49981/50000)
Testing Loss: 0.199 | Acc: 94.850% (9485/10000)

Epoch: 136
learning rate is 0.0010000000000000002
Training Loss: 0.003 | Acc: 99.984% (49992/50000)
Testing Loss: 0.201 | Acc: 94.890% (9489/10000)

Epoch: 137
learning rate is 0.0010000000000000002
Training Loss: 0.003 | Acc: 99.964% (49982/50000)
Testing Loss: 0.202 | Acc: 94.760% (9476/10000)

Epoch: 138
learning rate is 0.0010000000000000002
Training Loss: 0.003 | Acc: 99.970% (49985/50000)
Testing Loss: 0.202 | Acc: 94.820% (9482/10000)

Epoch: 139
learning rate is 0.0010000000000000002
Training Loss: 0.003 | Acc: 99.956% (49978/50000)
Testing Loss: 0.199 | Acc: 94.840% (9484/10000)

Epoch: 140
learning rate is 0.0010000000000000002
Training Loss: 0.003 | Acc: 99.980% (49990/50000)
Testing Loss: 0.199 | Acc: 94.930% (9493/10000)

Epoch: 141
learning rate is 0.0010000000000000002
Training Loss: 0.003 | Acc: 99.976% (49988/50000)
Testing Loss: 0.202 | Acc: 94.730% (9473/10000)

Epoch: 142
learning rate is 0.0010000000000000002
Training Loss: 0.003 | Acc: 99.970% (49985/50000)
Testing Loss: 0.200 | Acc: 94.660% (9466/10000)

Epoch: 143
learning rate is 0.0010000000000000002
Training Loss: 0.003 | Acc: 99.972% (49986/50000)
Testing Loss: 0.201 | Acc: 94.700% (9470/10000)

Epoch: 144
learning rate is 0.0010000000000000002
Training Loss: 0.003 | Acc: 99.988% (49994/50000)
Testing Loss: 0.204 | Acc: 94.840% (9484/10000)

Epoch: 145
learning rate is 0.0010000000000000002
Training Loss: 0.003 | Acc: 99.964% (49982/50000)
Testing Loss: 0.203 | Acc: 94.750% (9475/10000)

Epoch: 146
learning rate is 0.0010000000000000002
Training Loss: 0.003 | Acc: 99.970% (49985/50000)
Testing Loss: 0.201 | Acc: 94.800% (9480/10000)

Epoch: 147
learning rate is 0.0010000000000000002
Training Loss: 0.003 | Acc: 99.988% (49994/50000)
Testing Loss: 0.202 | Acc: 94.710% (9471/10000)

Epoch: 148
learning rate is 0.0010000000000000002
Training Loss: 0.003 | Acc: 99.986% (49993/50000)
Testing Loss: 0.200 | Acc: 94.770% (9477/10000)

Epoch: 149
learning rate is 0.0010000000000000002
Training Loss: 0.003 | Acc: 99.974% (49987/50000)
Testing Loss: 0.199 | Acc: 94.760% (9476/10000)

Epoch: 150
learning rate is 0.00010000000000000003
Training Loss: 0.003 | Acc: 99.986% (49993/50000)
Testing Loss: 0.202 | Acc: 94.720% (9472/10000)

Epoch: 151
learning rate is 0.00010000000000000003
Training Loss: 0.003 | Acc: 99.976% (49988/50000)
Testing Loss: 0.201 | Acc: 94.790% (9479/10000)

Epoch: 152
learning rate is 0.00010000000000000003
Training Loss: 0.002 | Acc: 99.990% (49995/50000)
Testing Loss: 0.201 | Acc: 94.720% (9472/10000)

Epoch: 153
learning rate is 0.00010000000000000003
Training Loss: 0.003 | Acc: 99.990% (49995/50000)
Testing Loss: 0.203 | Acc: 94.700% (9470/10000)

Epoch: 154
learning rate is 0.00010000000000000003
Training Loss: 0.003 | Acc: 99.980% (49990/50000)
Testing Loss: 0.202 | Acc: 94.710% (9471/10000)

Epoch: 155
learning rate is 0.00010000000000000003
Training Loss: 0.003 | Acc: 99.980% (49990/50000)
Testing Loss: 0.201 | Acc: 94.680% (9468/10000)

Epoch: 156
learning rate is 0.00010000000000000003
Training Loss: 0.003 | Acc: 99.984% (49992/50000)
Testing Loss: 0.203 | Acc: 94.670% (9467/10000)

Epoch: 157
learning rate is 0.00010000000000000003
Training Loss: 0.003 | Acc: 99.980% (49990/50000)
Testing Loss: 0.202 | Acc: 94.770% (9477/10000)

Epoch: 158
learning rate is 0.00010000000000000003
Training Loss: 0.003 | Acc: 99.978% (49989/50000)
Testing Loss: 0.200 | Acc: 94.740% (9474/10000)

Epoch: 159
learning rate is 0.00010000000000000003
Training Loss: 0.003 | Acc: 99.976% (49988/50000)
Testing Loss: 0.203 | Acc: 94.750% (9475/10000)

Epoch: 160
learning rate is 0.00010000000000000003
Training Loss: 0.003 | Acc: 99.978% (49989/50000)
Testing Loss: 0.199 | Acc: 94.830% (9483/10000)

Epoch: 161
learning rate is 0.00010000000000000003
Training Loss: 0.003 | Acc: 99.970% (49985/50000)
Testing Loss: 0.203 | Acc: 94.710% (9471/10000)

Epoch: 162
learning rate is 0.00010000000000000003
Training Loss: 0.002 | Acc: 99.992% (49996/50000)
Testing Loss: 0.201 | Acc: 94.790% (9479/10000)

Epoch: 163
learning rate is 0.00010000000000000003
Training Loss: 0.003 | Acc: 99.972% (49986/50000)
Testing Loss: 0.201 | Acc: 94.900% (9490/10000)

Epoch: 164
learning rate is 0.00010000000000000003
Training Loss: 0.002 | Acc: 99.986% (49993/50000)
Testing Loss: 0.202 | Acc: 94.820% (9482/10000)

Epoch: 165
learning rate is 0.00010000000000000003
Training Loss: 0.003 | Acc: 99.980% (49990/50000)
Testing Loss: 0.201 | Acc: 94.740% (9474/10000)

Epoch: 166
learning rate is 0.00010000000000000003
Training Loss: 0.002 | Acc: 99.986% (49993/50000)
Testing Loss: 0.200 | Acc: 94.720% (9472/10000)

Epoch: 167
learning rate is 0.00010000000000000003
Training Loss: 0.002 | Acc: 99.986% (49993/50000)
Testing Loss: 0.201 | Acc: 94.800% (9480/10000)

Epoch: 168
learning rate is 0.00010000000000000003
Training Loss: 0.003 | Acc: 99.982% (49991/50000)
Testing Loss: 0.201 | Acc: 94.740% (9474/10000)

Epoch: 169
learning rate is 0.00010000000000000003
Training Loss: 0.003 | Acc: 99.988% (49994/50000)
Testing Loss: 0.201 | Acc: 94.710% (9471/10000)

Epoch: 170
learning rate is 0.00010000000000000003
Training Loss: 0.003 | Acc: 99.984% (49992/50000)
Testing Loss: 0.200 | Acc: 94.820% (9482/10000)

Epoch: 171
learning rate is 0.00010000000000000003
