==> Preparing data..
Files already downloaded and verified
Files already downloaded and verified
==> Building model..
Net building finished

Epoch: 0
learning rate is 0.1
Training Loss: 1.759 | Acc: 34.318% (17159/50000)
Testing Loss: 1.497 | Acc: 47.710% (4771/10000)
Saving..

Epoch: 1
learning rate is 0.1
Training Loss: 1.163 | Acc: 57.884% (28942/50000)
Testing Loss: 1.080 | Acc: 61.150% (6115/10000)
Saving..

Epoch: 2
learning rate is 0.1
Training Loss: 0.956 | Acc: 65.974% (32987/50000)
Testing Loss: 0.948 | Acc: 66.350% (6635/10000)
Saving..

Epoch: 3
learning rate is 0.1
Training Loss: 0.835 | Acc: 70.448% (35224/50000)
Testing Loss: 1.069 | Acc: 62.980% (6298/10000)

Epoch: 4
learning rate is 0.1
Training Loss: 0.735 | Acc: 74.394% (37197/50000)
Testing Loss: 0.930 | Acc: 70.050% (7005/10000)
Saving..

Epoch: 5
learning rate is 0.1
Training Loss: 0.667 | Acc: 76.780% (38390/50000)
Testing Loss: 0.956 | Acc: 67.390% (6739/10000)

Epoch: 6
learning rate is 0.1
Training Loss: 0.638 | Acc: 78.016% (39008/50000)
Testing Loss: 0.692 | Acc: 76.490% (7649/10000)
Saving..

Epoch: 7
learning rate is 0.1
Training Loss: 0.608 | Acc: 78.836% (39418/50000)
Testing Loss: 0.881 | Acc: 71.490% (7149/10000)

Epoch: 8
learning rate is 0.1
Training Loss: 0.592 | Acc: 79.660% (39830/50000)
Testing Loss: 0.734 | Acc: 74.980% (7498/10000)

Epoch: 9
learning rate is 0.1
Training Loss: 0.576 | Acc: 80.046% (40023/50000)
Testing Loss: 0.913 | Acc: 70.560% (7056/10000)

Epoch: 10
learning rate is 0.1
Training Loss: 0.561 | Acc: 80.694% (40347/50000)
Testing Loss: 0.890 | Acc: 71.710% (7171/10000)

Epoch: 11
learning rate is 0.1
Training Loss: 0.545 | Acc: 81.462% (40731/50000)
Testing Loss: 0.865 | Acc: 72.970% (7297/10000)

Epoch: 12
learning rate is 0.1
Training Loss: 0.537 | Acc: 81.346% (40673/50000)
Testing Loss: 0.696 | Acc: 77.080% (7708/10000)
Saving..

Epoch: 13
learning rate is 0.1
Training Loss: 0.535 | Acc: 81.470% (40735/50000)
Testing Loss: 0.717 | Acc: 76.310% (7631/10000)

Epoch: 14
learning rate is 0.1
Training Loss: 0.523 | Acc: 81.948% (40974/50000)
Testing Loss: 0.683 | Acc: 77.970% (7797/10000)
Saving..

Epoch: 15
learning rate is 0.1
Training Loss: 0.509 | Acc: 82.538% (41269/50000)
Testing Loss: 0.671 | Acc: 77.410% (7741/10000)

Epoch: 16
learning rate is 0.1
Training Loss: 0.513 | Acc: 82.458% (41229/50000)
Testing Loss: 0.745 | Acc: 76.010% (7601/10000)

Epoch: 17
learning rate is 0.1
Training Loss: 0.498 | Acc: 82.890% (41445/50000)
Testing Loss: 0.601 | Acc: 79.350% (7935/10000)
Saving..

Epoch: 18
learning rate is 0.1
Training Loss: 0.500 | Acc: 82.946% (41473/50000)
Testing Loss: 0.699 | Acc: 77.700% (7770/10000)

Epoch: 19
learning rate is 0.1
Training Loss: 0.491 | Acc: 83.070% (41535/50000)
Testing Loss: 0.578 | Acc: 80.500% (8050/10000)
Saving..

Epoch: 20
learning rate is 0.1
Training Loss: 0.486 | Acc: 83.188% (41594/50000)
Testing Loss: 0.783 | Acc: 74.180% (7418/10000)

Epoch: 21
learning rate is 0.1
Training Loss: 0.489 | Acc: 83.190% (41595/50000)
Testing Loss: 0.925 | Acc: 73.010% (7301/10000)

Epoch: 22
learning rate is 0.1
Training Loss: 0.484 | Acc: 83.492% (41746/50000)
Testing Loss: 0.818 | Acc: 74.870% (7487/10000)

Epoch: 23
learning rate is 0.1
Training Loss: 0.483 | Acc: 83.364% (41682/50000)
Testing Loss: 0.848 | Acc: 73.420% (7342/10000)

Epoch: 24
learning rate is 0.1
Training Loss: 0.475 | Acc: 83.536% (41768/50000)
Testing Loss: 0.691 | Acc: 78.140% (7814/10000)

Epoch: 25
learning rate is 0.1
Training Loss: 0.470 | Acc: 84.038% (42019/50000)
Testing Loss: 0.701 | Acc: 76.450% (7645/10000)

Epoch: 26
learning rate is 0.1
Training Loss: 0.460 | Acc: 84.196% (42098/50000)
Testing Loss: 0.629 | Acc: 78.830% (7883/10000)

Epoch: 27
learning rate is 0.1
Training Loss: 0.468 | Acc: 83.694% (41847/50000)
Testing Loss: 1.080 | Acc: 69.640% (6964/10000)

Epoch: 28
learning rate is 0.1
Training Loss: 0.467 | Acc: 83.988% (41994/50000)
Testing Loss: 0.580 | Acc: 80.280% (8028/10000)

Epoch: 29
learning rate is 0.1
Training Loss: 0.465 | Acc: 83.990% (41995/50000)
Testing Loss: 0.545 | Acc: 81.840% (8184/10000)
Saving..

Epoch: 30
learning rate is 0.1
Training Loss: 0.462 | Acc: 83.980% (41990/50000)
Testing Loss: 0.636 | Acc: 79.400% (7940/10000)

Epoch: 31
learning rate is 0.1
Training Loss: 0.453 | Acc: 84.392% (42196/50000)
Testing Loss: 0.629 | Acc: 78.870% (7887/10000)

Epoch: 32
learning rate is 0.1
Training Loss: 0.452 | Acc: 84.432% (42216/50000)
Testing Loss: 0.611 | Acc: 78.830% (7883/10000)

Epoch: 33
learning rate is 0.1
Training Loss: 0.449 | Acc: 84.564% (42282/50000)
Testing Loss: 0.637 | Acc: 79.490% (7949/10000)

Epoch: 34
learning rate is 0.1
Training Loss: 0.451 | Acc: 84.676% (42338/50000)
Testing Loss: 0.657 | Acc: 78.560% (7856/10000)

Epoch: 35
learning rate is 0.1
Training Loss: 0.445 | Acc: 84.694% (42347/50000)
Testing Loss: 0.719 | Acc: 76.650% (7665/10000)

Epoch: 36
learning rate is 0.1
Training Loss: 0.448 | Acc: 84.730% (42365/50000)
Testing Loss: 0.636 | Acc: 79.300% (7930/10000)

Epoch: 37
learning rate is 0.1
Training Loss: 0.448 | Acc: 84.458% (42229/50000)
Testing Loss: 0.611 | Acc: 79.770% (7977/10000)

Epoch: 38
learning rate is 0.1
Training Loss: 0.445 | Acc: 84.720% (42360/50000)
Testing Loss: 0.748 | Acc: 76.520% (7652/10000)

Epoch: 39
learning rate is 0.1
Training Loss: 0.439 | Acc: 84.922% (42461/50000)
Testing Loss: 0.722 | Acc: 77.730% (7773/10000)

Epoch: 40
learning rate is 0.1
Training Loss: 0.441 | Acc: 84.906% (42453/50000)
Testing Loss: 0.543 | Acc: 81.910% (8191/10000)
Saving..

Epoch: 41
learning rate is 0.1
Training Loss: 0.437 | Acc: 85.062% (42531/50000)
Testing Loss: 0.555 | Acc: 81.400% (8140/10000)

Epoch: 42
learning rate is 0.1
Training Loss: 0.434 | Acc: 85.156% (42578/50000)
Testing Loss: 0.970 | Acc: 72.880% (7288/10000)

Epoch: 43
learning rate is 0.1
Training Loss: 0.434 | Acc: 85.110% (42555/50000)
Testing Loss: 0.746 | Acc: 77.560% (7756/10000)

Epoch: 44
learning rate is 0.1
Training Loss: 0.437 | Acc: 84.928% (42464/50000)
Testing Loss: 0.758 | Acc: 75.590% (7559/10000)

Epoch: 45
learning rate is 0.1
Training Loss: 0.435 | Acc: 84.990% (42495/50000)
Testing Loss: 0.686 | Acc: 77.330% (7733/10000)

Epoch: 46
learning rate is 0.1
Training Loss: 0.435 | Acc: 84.882% (42441/50000)
Testing Loss: 0.622 | Acc: 79.750% (7975/10000)

Epoch: 47
learning rate is 0.1
Training Loss: 0.430 | Acc: 85.214% (42607/50000)
Testing Loss: 0.545 | Acc: 81.690% (8169/10000)

Epoch: 48
learning rate is 0.1
Training Loss: 0.435 | Acc: 85.134% (42567/50000)
Testing Loss: 0.536 | Acc: 81.950% (8195/10000)
Saving..

Epoch: 49
learning rate is 0.1
Training Loss: 0.426 | Acc: 85.324% (42662/50000)
Testing Loss: 0.626 | Acc: 79.010% (7901/10000)

Epoch: 50
learning rate is 0.010000000000000002
Training Loss: 0.246 | Acc: 91.720% (45860/50000)
Testing Loss: 0.242 | Acc: 91.530% (9153/10000)
Saving..

Epoch: 51
learning rate is 0.010000000000000002
Training Loss: 0.190 | Acc: 93.450% (46725/50000)
Testing Loss: 0.222 | Acc: 92.150% (9215/10000)
Saving..

Epoch: 52
learning rate is 0.010000000000000002
Training Loss: 0.165 | Acc: 94.410% (47205/50000)
Testing Loss: 0.217 | Acc: 92.190% (9219/10000)
Saving..

Epoch: 53
learning rate is 0.010000000000000002
Training Loss: 0.152 | Acc: 94.766% (47383/50000)
Testing Loss: 0.214 | Acc: 92.570% (9257/10000)
Saving..

Epoch: 54
learning rate is 0.010000000000000002
Training Loss: 0.141 | Acc: 95.268% (47634/50000)
Testing Loss: 0.225 | Acc: 92.460% (9246/10000)

Epoch: 55
learning rate is 0.010000000000000002
Training Loss: 0.130 | Acc: 95.654% (47827/50000)
Testing Loss: 0.214 | Acc: 92.890% (9289/10000)
Saving..

Epoch: 56
learning rate is 0.010000000000000002
Training Loss: 0.119 | Acc: 95.938% (47969/50000)
Testing Loss: 0.222 | Acc: 92.590% (9259/10000)

Epoch: 57
learning rate is 0.010000000000000002
Training Loss: 0.113 | Acc: 96.098% (48049/50000)
Testing Loss: 0.217 | Acc: 92.860% (9286/10000)

Epoch: 58
learning rate is 0.010000000000000002
Training Loss: 0.104 | Acc: 96.434% (48217/50000)
Testing Loss: 0.228 | Acc: 92.440% (9244/10000)

Epoch: 59
learning rate is 0.010000000000000002
Training Loss: 0.101 | Acc: 96.472% (48236/50000)
Testing Loss: 0.220 | Acc: 93.040% (9304/10000)
Saving..

Epoch: 60
learning rate is 0.010000000000000002
Training Loss: 0.099 | Acc: 96.586% (48293/50000)
Testing Loss: 0.228 | Acc: 92.670% (9267/10000)

Epoch: 61
learning rate is 0.010000000000000002
Training Loss: 0.092 | Acc: 96.846% (48423/50000)
Testing Loss: 0.227 | Acc: 93.020% (9302/10000)

Epoch: 62
learning rate is 0.010000000000000002
Training Loss: 0.089 | Acc: 96.990% (48495/50000)
Testing Loss: 0.251 | Acc: 92.410% (9241/10000)

Epoch: 63
learning rate is 0.010000000000000002
Training Loss: 0.082 | Acc: 97.196% (48598/50000)
Testing Loss: 0.256 | Acc: 92.240% (9224/10000)

Epoch: 64
learning rate is 0.010000000000000002
Training Loss: 0.085 | Acc: 97.094% (48547/50000)
Testing Loss: 0.241 | Acc: 92.750% (9275/10000)

Epoch: 65
learning rate is 0.010000000000000002
Training Loss: 0.085 | Acc: 97.066% (48533/50000)
Testing Loss: 0.247 | Acc: 92.390% (9239/10000)

Epoch: 66
learning rate is 0.010000000000000002
Training Loss: 0.083 | Acc: 97.218% (48609/50000)
Testing Loss: 0.244 | Acc: 92.450% (9245/10000)

Epoch: 67
learning rate is 0.010000000000000002
Training Loss: 0.082 | Acc: 97.220% (48610/50000)
Testing Loss: 0.239 | Acc: 92.480% (9248/10000)

Epoch: 68
learning rate is 0.010000000000000002
Training Loss: 0.083 | Acc: 97.150% (48575/50000)
Testing Loss: 0.235 | Acc: 92.850% (9285/10000)

Epoch: 69
learning rate is 0.010000000000000002
Training Loss: 0.086 | Acc: 96.998% (48499/50000)
Testing Loss: 0.254 | Acc: 92.320% (9232/10000)

Epoch: 70
learning rate is 0.010000000000000002
Training Loss: 0.087 | Acc: 97.046% (48523/50000)
Testing Loss: 0.261 | Acc: 92.170% (9217/10000)

Epoch: 71
learning rate is 0.010000000000000002
Training Loss: 0.081 | Acc: 97.256% (48628/50000)
Testing Loss: 0.261 | Acc: 92.070% (9207/10000)

Epoch: 72
learning rate is 0.010000000000000002
Training Loss: 0.080 | Acc: 97.242% (48621/50000)
Testing Loss: 0.282 | Acc: 91.620% (9162/10000)

Epoch: 73
learning rate is 0.010000000000000002
Training Loss: 0.082 | Acc: 97.176% (48588/50000)
Testing Loss: 0.267 | Acc: 91.940% (9194/10000)

Epoch: 74
learning rate is 0.010000000000000002
Training Loss: 0.082 | Acc: 97.190% (48595/50000)
Testing Loss: 0.275 | Acc: 91.820% (9182/10000)

Epoch: 75
learning rate is 0.010000000000000002
Training Loss: 0.081 | Acc: 97.254% (48627/50000)
Testing Loss: 0.274 | Acc: 92.010% (9201/10000)

Epoch: 76
learning rate is 0.010000000000000002
Training Loss: 0.082 | Acc: 97.194% (48597/50000)
Testing Loss: 0.263 | Acc: 91.970% (9197/10000)

Epoch: 77
learning rate is 0.010000000000000002
Training Loss: 0.082 | Acc: 97.134% (48567/50000)
Testing Loss: 0.289 | Acc: 91.610% (9161/10000)

Epoch: 78
learning rate is 0.010000000000000002
Training Loss: 0.085 | Acc: 97.130% (48565/50000)
Testing Loss: 0.245 | Acc: 92.600% (9260/10000)

Epoch: 79
learning rate is 0.010000000000000002
Training Loss: 0.084 | Acc: 97.194% (48597/50000)
Testing Loss: 0.308 | Acc: 90.970% (9097/10000)

Epoch: 80
learning rate is 0.010000000000000002
Training Loss: 0.083 | Acc: 97.192% (48596/50000)
Testing Loss: 0.280 | Acc: 91.540% (9154/10000)

Epoch: 81
learning rate is 0.010000000000000002
Training Loss: 0.078 | Acc: 97.336% (48668/50000)
Testing Loss: 0.283 | Acc: 91.580% (9158/10000)

Epoch: 82
learning rate is 0.010000000000000002
Training Loss: 0.087 | Acc: 96.984% (48492/50000)
Testing Loss: 0.276 | Acc: 91.840% (9184/10000)

Epoch: 83
learning rate is 0.010000000000000002
Training Loss: 0.084 | Acc: 97.120% (48560/50000)
Testing Loss: 0.325 | Acc: 90.660% (9066/10000)

Epoch: 84
learning rate is 0.010000000000000002
Training Loss: 0.080 | Acc: 97.300% (48650/50000)
Testing Loss: 0.300 | Acc: 91.150% (9115/10000)

Epoch: 85
learning rate is 0.010000000000000002
Training Loss: 0.085 | Acc: 97.088% (48544/50000)
Testing Loss: 0.284 | Acc: 91.590% (9159/10000)

Epoch: 86
learning rate is 0.010000000000000002
Training Loss: 0.078 | Acc: 97.364% (48682/50000)
Testing Loss: 0.266 | Acc: 92.260% (9226/10000)

Epoch: 87
learning rate is 0.010000000000000002
Training Loss: 0.079 | Acc: 97.286% (48643/50000)
Testing Loss: 0.304 | Acc: 91.230% (9123/10000)

Epoch: 88
learning rate is 0.010000000000000002
Training Loss: 0.083 | Acc: 97.184% (48592/50000)
Testing Loss: 0.291 | Acc: 91.500% (9150/10000)

Epoch: 89
learning rate is 0.010000000000000002
Training Loss: 0.078 | Acc: 97.372% (48686/50000)
Testing Loss: 0.354 | Acc: 90.380% (9038/10000)

Epoch: 90
learning rate is 0.010000000000000002
Training Loss: 0.083 | Acc: 97.210% (48605/50000)
Testing Loss: 0.256 | Acc: 92.210% (9221/10000)

Epoch: 91
learning rate is 0.010000000000000002
Training Loss: 0.082 | Acc: 97.194% (48597/50000)
Testing Loss: 0.287 | Acc: 91.700% (9170/10000)

Epoch: 92
learning rate is 0.010000000000000002
Training Loss: 0.081 | Acc: 97.276% (48638/50000)
Testing Loss: 0.280 | Acc: 91.800% (9180/10000)

Epoch: 93
learning rate is 0.010000000000000002
Training Loss: 0.084 | Acc: 97.144% (48572/50000)
Testing Loss: 0.308 | Acc: 91.110% (9111/10000)

Epoch: 94
learning rate is 0.010000000000000002
Training Loss: 0.080 | Acc: 97.318% (48659/50000)
Testing Loss: 0.291 | Acc: 91.320% (9132/10000)

Epoch: 95
learning rate is 0.010000000000000002
Training Loss: 0.078 | Acc: 97.380% (48690/50000)
Testing Loss: 0.278 | Acc: 91.750% (9175/10000)

Epoch: 96
learning rate is 0.010000000000000002
Training Loss: 0.078 | Acc: 97.406% (48703/50000)
Testing Loss: 0.294 | Acc: 91.440% (9144/10000)

Epoch: 97
learning rate is 0.010000000000000002
Training Loss: 0.076 | Acc: 97.356% (48678/50000)
Testing Loss: 0.307 | Acc: 91.320% (9132/10000)

Epoch: 98
learning rate is 0.010000000000000002
Training Loss: 0.081 | Acc: 97.212% (48606/50000)
Testing Loss: 0.283 | Acc: 91.500% (9150/10000)

Epoch: 99
learning rate is 0.010000000000000002
Training Loss: 0.078 | Acc: 97.320% (48660/50000)
Testing Loss: 0.318 | Acc: 90.670% (9067/10000)

Epoch: 100
learning rate is 0.0010000000000000002
Training Loss: 0.036 | Acc: 98.940% (49470/50000)
Testing Loss: 0.193 | Acc: 94.120% (9412/10000)
Saving..

Epoch: 101
learning rate is 0.0010000000000000002
Training Loss: 0.019 | Acc: 99.548% (49774/50000)
Testing Loss: 0.192 | Acc: 94.240% (9424/10000)
Saving..

Epoch: 102
learning rate is 0.0010000000000000002
Training Loss: 0.016 | Acc: 99.654% (49827/50000)
Testing Loss: 0.189 | Acc: 94.480% (9448/10000)
Saving..

Epoch: 103
learning rate is 0.0010000000000000002
Training Loss: 0.013 | Acc: 99.690% (49845/50000)
Testing Loss: 0.190 | Acc: 94.560% (9456/10000)
Saving..

Epoch: 104
learning rate is 0.0010000000000000002
Training Loss: 0.012 | Acc: 99.756% (49878/50000)
Testing Loss: 0.189 | Acc: 94.540% (9454/10000)

Epoch: 105
learning rate is 0.0010000000000000002
Training Loss: 0.010 | Acc: 99.794% (49897/50000)
Testing Loss: 0.191 | Acc: 94.490% (9449/10000)

Epoch: 106
learning rate is 0.0010000000000000002
Training Loss: 0.009 | Acc: 99.834% (49917/50000)
Testing Loss: 0.190 | Acc: 94.570% (9457/10000)
Saving..

Epoch: 107
learning rate is 0.0010000000000000002
Training Loss: 0.008 | Acc: 99.854% (49927/50000)
Testing Loss: 0.190 | Acc: 94.630% (9463/10000)
Saving..

Epoch: 108
learning rate is 0.0010000000000000002
Training Loss: 0.008 | Acc: 99.876% (49938/50000)
Testing Loss: 0.197 | Acc: 94.590% (9459/10000)

Epoch: 109
learning rate is 0.0010000000000000002
Training Loss: 0.008 | Acc: 99.870% (49935/50000)
Testing Loss: 0.194 | Acc: 94.640% (9464/10000)
Saving..

Epoch: 110
learning rate is 0.0010000000000000002
Training Loss: 0.007 | Acc: 99.862% (49931/50000)
Testing Loss: 0.195 | Acc: 94.640% (9464/10000)

Epoch: 111
learning rate is 0.0010000000000000002
Training Loss: 0.007 | Acc: 99.904% (49952/50000)
Testing Loss: 0.193 | Acc: 94.680% (9468/10000)
Saving..

Epoch: 112
learning rate is 0.0010000000000000002
Training Loss: 0.006 | Acc: 99.920% (49960/50000)
Testing Loss: 0.195 | Acc: 94.700% (9470/10000)
Saving..

Epoch: 113
learning rate is 0.0010000000000000002
Training Loss: 0.006 | Acc: 99.906% (49953/50000)
Testing Loss: 0.191 | Acc: 94.760% (9476/10000)
Saving..

Epoch: 114
learning rate is 0.0010000000000000002
Training Loss: 0.006 | Acc: 99.908% (49954/50000)
Testing Loss: 0.192 | Acc: 94.780% (9478/10000)
Saving..

Epoch: 115
learning rate is 0.0010000000000000002
Training Loss: 0.006 | Acc: 99.914% (49957/50000)
Testing Loss: 0.194 | Acc: 94.740% (9474/10000)

Epoch: 116
learning rate is 0.0010000000000000002
Training Loss: 0.006 | Acc: 99.914% (49957/50000)
Testing Loss: 0.196 | Acc: 94.780% (9478/10000)

Epoch: 117
learning rate is 0.0010000000000000002
Training Loss: 0.005 | Acc: 99.944% (49972/50000)
Testing Loss: 0.199 | Acc: 94.650% (9465/10000)

Epoch: 118
learning rate is 0.0010000000000000002
Training Loss: 0.005 | Acc: 99.926% (49963/50000)
Testing Loss: 0.197 | Acc: 94.870% (9487/10000)
Saving..

Epoch: 119
learning rate is 0.0010000000000000002
Training Loss: 0.005 | Acc: 99.936% (49968/50000)
Testing Loss: 0.196 | Acc: 94.710% (9471/10000)

Epoch: 120
learning rate is 0.0010000000000000002
Training Loss: 0.005 | Acc: 99.936% (49968/50000)
Testing Loss: 0.195 | Acc: 94.700% (9470/10000)

Epoch: 121
learning rate is 0.0010000000000000002
Training Loss: 0.004 | Acc: 99.940% (49970/50000)
Testing Loss: 0.200 | Acc: 94.570% (9457/10000)

Epoch: 122
learning rate is 0.0010000000000000002
Training Loss: 0.004 | Acc: 99.950% (49975/50000)
Testing Loss: 0.196 | Acc: 94.640% (9464/10000)

Epoch: 123
learning rate is 0.0010000000000000002
Training Loss: 0.004 | Acc: 99.948% (49974/50000)
Testing Loss: 0.196 | Acc: 94.890% (9489/10000)
Saving..

Epoch: 124
learning rate is 0.0010000000000000002
Training Loss: 0.005 | Acc: 99.932% (49966/50000)
Testing Loss: 0.196 | Acc: 94.690% (9469/10000)

Epoch: 125
learning rate is 0.0010000000000000002
Training Loss: 0.004 | Acc: 99.942% (49971/50000)
Testing Loss: 0.203 | Acc: 94.740% (9474/10000)

Epoch: 126
learning rate is 0.0010000000000000002
Training Loss: 0.004 | Acc: 99.950% (49975/50000)
Testing Loss: 0.200 | Acc: 94.640% (9464/10000)

Epoch: 127
learning rate is 0.0010000000000000002
Training Loss: 0.004 | Acc: 99.950% (49975/50000)
Testing Loss: 0.196 | Acc: 94.780% (9478/10000)

Epoch: 128
learning rate is 0.0010000000000000002
Training Loss: 0.004 | Acc: 99.974% (49987/50000)
Testing Loss: 0.198 | Acc: 94.670% (9467/10000)

Epoch: 129
learning rate is 0.0010000000000000002
Training Loss: 0.004 | Acc: 99.948% (49974/50000)
Testing Loss: 0.200 | Acc: 94.770% (9477/10000)

Epoch: 130
learning rate is 0.0010000000000000002
Training Loss: 0.004 | Acc: 99.954% (49977/50000)
Testing Loss: 0.199 | Acc: 94.720% (9472/10000)

Epoch: 131
learning rate is 0.0010000000000000002
Training Loss: 0.004 | Acc: 99.964% (49982/50000)
Testing Loss: 0.198 | Acc: 94.790% (9479/10000)

Epoch: 132
learning rate is 0.0010000000000000002
Training Loss: 0.003 | Acc: 99.958% (49979/50000)
Testing Loss: 0.199 | Acc: 94.700% (9470/10000)

Epoch: 133
learning rate is 0.0010000000000000002
Training Loss: 0.003 | Acc: 99.954% (49977/50000)
Testing Loss: 0.202 | Acc: 94.690% (9469/10000)

Epoch: 134
learning rate is 0.0010000000000000002
Training Loss: 0.003 | Acc: 99.968% (49984/50000)
Testing Loss: 0.199 | Acc: 94.930% (9493/10000)
Saving..

Epoch: 135
learning rate is 0.0010000000000000002
Training Loss: 0.003 | Acc: 99.966% (49983/50000)
Testing Loss: 0.199 | Acc: 94.780% (9478/10000)

Epoch: 136
learning rate is 0.0010000000000000002
Training Loss: 0.003 | Acc: 99.962% (49981/50000)
Testing Loss: 0.200 | Acc: 94.610% (9461/10000)

Epoch: 137
learning rate is 0.0010000000000000002
Training Loss: 0.003 | Acc: 99.980% (49990/50000)
Testing Loss: 0.200 | Acc: 94.620% (9462/10000)

Epoch: 138
learning rate is 0.0010000000000000002
Training Loss: 0.003 | Acc: 99.966% (49983/50000)
Testing Loss: 0.200 | Acc: 94.790% (9479/10000)

Epoch: 139
learning rate is 0.0010000000000000002
Training Loss: 0.003 | Acc: 99.982% (49991/50000)
Testing Loss: 0.197 | Acc: 94.720% (9472/10000)

Epoch: 140
learning rate is 0.0010000000000000002
Training Loss: 0.003 | Acc: 99.954% (49977/50000)
Testing Loss: 0.200 | Acc: 94.760% (9476/10000)

Epoch: 141
learning rate is 0.0010000000000000002
Training Loss: 0.003 | Acc: 99.978% (49989/50000)
Testing Loss: 0.203 | Acc: 94.710% (9471/10000)

Epoch: 142
learning rate is 0.0010000000000000002
Training Loss: 0.003 | Acc: 99.974% (49987/50000)
Testing Loss: 0.197 | Acc: 94.920% (9492/10000)

Epoch: 143
learning rate is 0.0010000000000000002
Training Loss: 0.003 | Acc: 99.958% (49979/50000)
Testing Loss: 0.200 | Acc: 94.850% (9485/10000)

Epoch: 144
learning rate is 0.0010000000000000002
Training Loss: 0.003 | Acc: 99.970% (49985/50000)
Testing Loss: 0.201 | Acc: 94.800% (9480/10000)

Epoch: 145
learning rate is 0.0010000000000000002
Training Loss: 0.003 | Acc: 99.978% (49989/50000)
Testing Loss: 0.196 | Acc: 94.920% (9492/10000)

Epoch: 146
learning rate is 0.0010000000000000002
Training Loss: 0.003 | Acc: 99.978% (49989/50000)
Testing Loss: 0.197 | Acc: 94.790% (9479/10000)

Epoch: 147
learning rate is 0.0010000000000000002
Training Loss: 0.003 | Acc: 99.986% (49993/50000)
Testing Loss: 0.203 | Acc: 94.790% (9479/10000)

Epoch: 148
learning rate is 0.0010000000000000002
Training Loss: 0.003 | Acc: 99.986% (49993/50000)
Testing Loss: 0.197 | Acc: 94.820% (9482/10000)

Epoch: 149
learning rate is 0.0010000000000000002
Training Loss: 0.003 | Acc: 99.984% (49992/50000)
Testing Loss: 0.196 | Acc: 94.840% (9484/10000)

Epoch: 150
learning rate is 0.00010000000000000003
Training Loss: 0.003 | Acc: 99.968% (49984/50000)
Testing Loss: 0.199 | Acc: 94.890% (9489/10000)

Epoch: 151
learning rate is 0.00010000000000000003
Training Loss: 0.003 | Acc: 99.980% (49990/50000)
Testing Loss: 0.199 | Acc: 94.870% (9487/10000)

Epoch: 152
learning rate is 0.00010000000000000003
Training Loss: 0.003 | Acc: 99.984% (49992/50000)
Testing Loss: 0.197 | Acc: 94.910% (9491/10000)

Epoch: 153
learning rate is 0.00010000000000000003
Training Loss: 0.003 | Acc: 99.986% (49993/50000)
Testing Loss: 0.197 | Acc: 94.870% (9487/10000)

Epoch: 154
learning rate is 0.00010000000000000003
Training Loss: 0.003 | Acc: 99.972% (49986/50000)
Testing Loss: 0.198 | Acc: 94.890% (9489/10000)

Epoch: 155
learning rate is 0.00010000000000000003
Training Loss: 0.003 | Acc: 99.988% (49994/50000)
Testing Loss: 0.197 | Acc: 94.850% (9485/10000)

Epoch: 156
learning rate is 0.00010000000000000003
Training Loss: 0.003 | Acc: 99.976% (49988/50000)
Testing Loss: 0.195 | Acc: 94.880% (9488/10000)

Epoch: 157
learning rate is 0.00010000000000000003
Training Loss: 0.003 | Acc: 99.970% (49985/50000)
Testing Loss: 0.197 | Acc: 94.820% (9482/10000)

Epoch: 158
learning rate is 0.00010000000000000003
Training Loss: 0.003 | Acc: 99.980% (49990/50000)
Testing Loss: 0.197 | Acc: 94.860% (9486/10000)

Epoch: 159
learning rate is 0.00010000000000000003
