==> Preparing data..
Files already downloaded and verified
Files already downloaded and verified
==> Building model..
Net building finished

Epoch: 0
learning rate is 0.1
Training Loss: 4.279 | Acc: 4.948% (2474/50000)
Testing Loss: 3.927 | Acc: 8.030% (803/10000)
Saving..

Epoch: 1
learning rate is 0.1
Training Loss: 3.770 | Acc: 10.542% (5271/50000)
Testing Loss: 3.608 | Acc: 13.240% (1324/10000)
Saving..

Epoch: 2
learning rate is 0.1
Training Loss: 3.438 | Acc: 16.406% (8203/50000)
Testing Loss: 3.289 | Acc: 19.810% (1981/10000)
Saving..

Epoch: 3
learning rate is 0.1
Training Loss: 3.147 | Acc: 21.990% (10995/50000)
Testing Loss: 3.015 | Acc: 24.970% (2497/10000)
Saving..

Epoch: 4
learning rate is 0.1
Training Loss: 2.879 | Acc: 27.012% (13506/50000)
Testing Loss: 2.792 | Acc: 28.940% (2894/10000)
Saving..

Epoch: 5
learning rate is 0.1
Training Loss: 2.629 | Acc: 32.156% (16078/50000)
Testing Loss: 2.691 | Acc: 31.440% (3144/10000)
Saving..

Epoch: 6
learning rate is 0.1
Training Loss: 2.429 | Acc: 36.114% (18057/50000)
Testing Loss: 2.542 | Acc: 35.390% (3539/10000)
Saving..

Epoch: 7
learning rate is 0.1
Training Loss: 2.266 | Acc: 39.440% (19720/50000)
Testing Loss: 2.360 | Acc: 37.750% (3775/10000)
Saving..

Epoch: 8
learning rate is 0.1
Training Loss: 2.134 | Acc: 42.360% (21180/50000)
Testing Loss: 2.255 | Acc: 39.820% (3982/10000)
Saving..

Epoch: 9
learning rate is 0.1
Training Loss: 2.025 | Acc: 44.950% (22475/50000)
Testing Loss: 2.166 | Acc: 41.780% (4178/10000)
Saving..

Epoch: 10
learning rate is 0.1
Training Loss: 1.911 | Acc: 47.524% (23762/50000)
Testing Loss: 2.172 | Acc: 43.060% (4306/10000)
Saving..

Epoch: 11
learning rate is 0.1
Training Loss: 1.827 | Acc: 49.418% (24709/50000)
Testing Loss: 2.021 | Acc: 45.240% (4524/10000)
Saving..

Epoch: 12
learning rate is 0.1
Training Loss: 1.750 | Acc: 51.444% (25722/50000)
Testing Loss: 2.033 | Acc: 46.120% (4612/10000)
Saving..

Epoch: 13
learning rate is 0.1
Training Loss: 1.698 | Acc: 52.482% (26241/50000)
Testing Loss: 2.362 | Acc: 41.200% (4120/10000)
Saving..

Epoch: 14
learning rate is 0.1
Training Loss: 1.643 | Acc: 53.884% (26942/50000)
Testing Loss: 2.066 | Acc: 47.070% (4707/10000)
Saving..

Epoch: 15
learning rate is 0.1
Training Loss: 1.598 | Acc: 54.876% (27438/50000)
Testing Loss: 1.855 | Acc: 50.030% (5003/10000)
Saving..

Epoch: 16
learning rate is 0.1
Training Loss: 1.563 | Acc: 56.020% (28010/50000)
Testing Loss: 1.920 | Acc: 47.900% (4790/10000)
Saving..

Epoch: 17
learning rate is 0.1
Training Loss: 1.527 | Acc: 56.876% (28438/50000)
Testing Loss: 1.802 | Acc: 51.070% (5107/10000)
Saving..

Epoch: 18
learning rate is 0.1
Training Loss: 1.490 | Acc: 57.646% (28823/50000)
Testing Loss: 1.939 | Acc: 49.540% (4954/10000)
Saving..

Epoch: 19
learning rate is 0.1
Training Loss: 1.469 | Acc: 58.342% (29171/50000)
Testing Loss: 1.811 | Acc: 51.020% (5102/10000)
Saving..

Epoch: 20
learning rate is 0.1
Training Loss: 1.440 | Acc: 59.032% (29516/50000)
Testing Loss: 1.884 | Acc: 50.820% (5082/10000)
Saving..

Epoch: 21
learning rate is 0.1
Training Loss: 1.423 | Acc: 59.330% (29665/50000)
Testing Loss: 2.103 | Acc: 46.230% (4623/10000)
Saving..

Epoch: 22
learning rate is 0.1
Training Loss: 1.403 | Acc: 59.920% (29960/50000)
Testing Loss: 1.769 | Acc: 52.760% (5276/10000)
Saving..

Epoch: 23
learning rate is 0.1
Training Loss: 1.385 | Acc: 60.284% (30142/50000)
Testing Loss: 1.948 | Acc: 50.020% (5002/10000)
Saving..

Epoch: 24
learning rate is 0.1
Training Loss: 1.364 | Acc: 60.880% (30440/50000)
Testing Loss: 1.771 | Acc: 52.410% (5241/10000)
Saving..

Epoch: 25
learning rate is 0.1
Training Loss: 1.350 | Acc: 61.526% (30763/50000)
Testing Loss: 1.788 | Acc: 52.840% (5284/10000)
Saving..

Epoch: 26
learning rate is 0.1
Training Loss: 1.333 | Acc: 61.788% (30894/50000)
Testing Loss: 1.735 | Acc: 53.960% (5396/10000)
Saving..

Epoch: 27
learning rate is 0.1
Training Loss: 1.326 | Acc: 61.986% (30993/50000)
Testing Loss: 1.994 | Acc: 50.220% (5022/10000)
Saving..

Epoch: 28
learning rate is 0.1
Training Loss: 1.309 | Acc: 62.420% (31210/50000)
Testing Loss: 1.765 | Acc: 52.720% (5272/10000)
Saving..

Epoch: 29
learning rate is 0.1
Training Loss: 1.304 | Acc: 62.660% (31330/50000)
Testing Loss: 1.634 | Acc: 55.320% (5532/10000)
Saving..

Epoch: 30
learning rate is 0.1
Training Loss: 1.282 | Acc: 63.190% (31595/50000)
Testing Loss: 1.761 | Acc: 53.020% (5302/10000)
Saving..

Epoch: 31
learning rate is 0.1
Training Loss: 1.272 | Acc: 63.326% (31663/50000)
Testing Loss: 1.959 | Acc: 48.400% (4840/10000)
Saving..

Epoch: 32
learning rate is 0.1
Training Loss: 1.273 | Acc: 63.410% (31705/50000)
Testing Loss: 1.803 | Acc: 52.940% (5294/10000)
Saving..

Epoch: 33
learning rate is 0.1
Training Loss: 1.258 | Acc: 63.864% (31932/50000)
Testing Loss: 1.664 | Acc: 55.600% (5560/10000)
Saving..

Epoch: 34
learning rate is 0.1
Training Loss: 1.257 | Acc: 63.840% (31920/50000)
Testing Loss: 1.701 | Acc: 54.670% (5467/10000)
Saving..

Epoch: 35
learning rate is 0.1
Training Loss: 1.242 | Acc: 64.200% (32100/50000)
Testing Loss: 1.761 | Acc: 52.700% (5270/10000)
Saving..

Epoch: 36
learning rate is 0.1
Training Loss: 1.236 | Acc: 64.404% (32202/50000)
Testing Loss: 1.648 | Acc: 55.890% (5589/10000)
Saving..

Epoch: 37
learning rate is 0.1
Training Loss: 1.221 | Acc: 64.784% (32392/50000)
Testing Loss: 1.831 | Acc: 52.710% (5271/10000)
Saving..

Epoch: 38
learning rate is 0.1
Training Loss: 1.223 | Acc: 64.498% (32249/50000)
Testing Loss: 1.797 | Acc: 51.670% (5167/10000)
Saving..

Epoch: 39
learning rate is 0.1
Training Loss: 1.209 | Acc: 65.096% (32548/50000)
Testing Loss: 1.550 | Acc: 57.800% (5780/10000)
Saving..

Epoch: 40
learning rate is 0.1
Training Loss: 1.210 | Acc: 64.922% (32461/50000)
Testing Loss: 1.756 | Acc: 54.190% (5419/10000)
Saving..

Epoch: 41
learning rate is 0.1
Training Loss: 1.207 | Acc: 64.908% (32454/50000)
Testing Loss: 1.538 | Acc: 58.510% (5851/10000)
Saving..

Epoch: 42
learning rate is 0.1
Training Loss: 1.188 | Acc: 65.690% (32845/50000)
Testing Loss: 1.598 | Acc: 56.590% (5659/10000)
Saving..

Epoch: 43
learning rate is 0.1
Training Loss: 1.190 | Acc: 65.444% (32722/50000)
Testing Loss: 1.859 | Acc: 53.350% (5335/10000)
Saving..

Epoch: 44
learning rate is 0.1
Training Loss: 1.185 | Acc: 65.650% (32825/50000)
Testing Loss: 1.860 | Acc: 52.880% (5288/10000)
Saving..

Epoch: 45
learning rate is 0.1
Training Loss: 1.181 | Acc: 65.898% (32949/50000)
Testing Loss: 1.793 | Acc: 53.360% (5336/10000)
Saving..

Epoch: 46
learning rate is 0.1
Training Loss: 1.184 | Acc: 65.776% (32888/50000)
Testing Loss: 1.741 | Acc: 53.470% (5347/10000)
Saving..

Epoch: 47
learning rate is 0.1
Training Loss: 1.180 | Acc: 65.932% (32966/50000)
Testing Loss: 1.774 | Acc: 53.890% (5389/10000)
Saving..

Epoch: 48
learning rate is 0.1
Training Loss: 1.177 | Acc: 65.828% (32914/50000)
Testing Loss: 1.744 | Acc: 54.260% (5426/10000)
Saving..

Epoch: 49
learning rate is 0.1
Training Loss: 1.166 | Acc: 66.136% (33068/50000)
Testing Loss: 2.065 | Acc: 50.510% (5051/10000)
Saving..

Epoch: 50
learning rate is 0.010000000000000002
Training Loss: 0.715 | Acc: 79.146% (39573/50000)
Testing Loss: 0.943 | Acc: 72.820% (7282/10000)
Saving..

Epoch: 51
learning rate is 0.010000000000000002
Training Loss: 0.560 | Acc: 83.576% (41788/50000)
Testing Loss: 0.917 | Acc: 73.620% (7362/10000)
Saving..

Epoch: 52
learning rate is 0.010000000000000002
Training Loss: 0.497 | Acc: 85.296% (42648/50000)
Testing Loss: 0.902 | Acc: 74.270% (7427/10000)
Saving..

Epoch: 53
learning rate is 0.010000000000000002
Training Loss: 0.450 | Acc: 86.512% (43256/50000)
Testing Loss: 0.899 | Acc: 74.440% (7444/10000)
Saving..

Epoch: 54
learning rate is 0.010000000000000002
Training Loss: 0.412 | Acc: 87.656% (43828/50000)
Testing Loss: 0.896 | Acc: 74.450% (7445/10000)
Saving..

Epoch: 55
learning rate is 0.010000000000000002
Training Loss: 0.378 | Acc: 88.720% (44360/50000)
Testing Loss: 0.912 | Acc: 74.190% (7419/10000)
Saving..

Epoch: 56
learning rate is 0.010000000000000002
Training Loss: 0.347 | Acc: 89.786% (44893/50000)
Testing Loss: 0.923 | Acc: 74.470% (7447/10000)
Saving..

Epoch: 57
learning rate is 0.010000000000000002
Training Loss: 0.312 | Acc: 91.080% (45540/50000)
Testing Loss: 0.933 | Acc: 74.450% (7445/10000)
Saving..

Epoch: 58
learning rate is 0.010000000000000002
Training Loss: 0.293 | Acc: 91.474% (45737/50000)
Testing Loss: 0.952 | Acc: 74.090% (7409/10000)
Saving..

Epoch: 59
learning rate is 0.010000000000000002
Training Loss: 0.264 | Acc: 92.466% (46233/50000)
Testing Loss: 0.946 | Acc: 74.660% (7466/10000)
Saving..

Epoch: 60
learning rate is 0.010000000000000002
Training Loss: 0.249 | Acc: 93.034% (46517/50000)
Testing Loss: 0.957 | Acc: 74.410% (7441/10000)
Saving..

Epoch: 61
learning rate is 0.010000000000000002
Training Loss: 0.231 | Acc: 93.534% (46767/50000)
Testing Loss: 0.987 | Acc: 74.140% (7414/10000)
Saving..

Epoch: 62
learning rate is 0.010000000000000002
Training Loss: 0.209 | Acc: 94.246% (47123/50000)
Testing Loss: 0.989 | Acc: 74.310% (7431/10000)
Saving..

Epoch: 63
learning rate is 0.010000000000000002
Training Loss: 0.194 | Acc: 94.828% (47414/50000)
Testing Loss: 1.008 | Acc: 73.870% (7387/10000)
Saving..

Epoch: 64
learning rate is 0.010000000000000002
Training Loss: 0.182 | Acc: 95.088% (47544/50000)
Testing Loss: 1.009 | Acc: 74.250% (7425/10000)
Saving..

Epoch: 65
learning rate is 0.010000000000000002
Training Loss: 0.170 | Acc: 95.566% (47783/50000)
Testing Loss: 1.012 | Acc: 73.620% (7362/10000)
Saving..

Epoch: 66
learning rate is 0.010000000000000002
Training Loss: 0.159 | Acc: 95.912% (47956/50000)
Testing Loss: 1.020 | Acc: 74.260% (7426/10000)
Saving..

Epoch: 67
learning rate is 0.010000000000000002
Training Loss: 0.150 | Acc: 96.220% (48110/50000)
Testing Loss: 1.090 | Acc: 73.090% (7309/10000)
Saving..

Epoch: 68
learning rate is 0.010000000000000002
Training Loss: 0.142 | Acc: 96.448% (48224/50000)
Testing Loss: 1.015 | Acc: 73.840% (7384/10000)
Saving..

Epoch: 69
learning rate is 0.010000000000000002
Training Loss: 0.132 | Acc: 96.828% (48414/50000)
Testing Loss: 1.067 | Acc: 73.080% (7308/10000)
Saving..

Epoch: 70
learning rate is 0.010000000000000002
Training Loss: 0.128 | Acc: 96.918% (48459/50000)
Testing Loss: 1.056 | Acc: 73.660% (7366/10000)
Saving..

Epoch: 71
learning rate is 0.010000000000000002
Training Loss: 0.124 | Acc: 97.084% (48542/50000)
Testing Loss: 1.087 | Acc: 73.560% (7356/10000)
Saving..

Epoch: 72
learning rate is 0.010000000000000002
Training Loss: 0.120 | Acc: 97.196% (48598/50000)
Testing Loss: 1.073 | Acc: 73.300% (7330/10000)
Saving..

Epoch: 73
learning rate is 0.010000000000000002
Training Loss: 0.115 | Acc: 97.380% (48690/50000)
Testing Loss: 1.076 | Acc: 73.600% (7360/10000)
Saving..

Epoch: 74
learning rate is 0.010000000000000002
Training Loss: 0.113 | Acc: 97.388% (48694/50000)
Testing Loss: 1.068 | Acc: 73.700% (7370/10000)
Saving..

Epoch: 75
learning rate is 0.010000000000000002
Training Loss: 0.115 | Acc: 97.298% (48649/50000)
Testing Loss: 1.113 | Acc: 73.080% (7308/10000)
Saving..

Epoch: 76
learning rate is 0.010000000000000002
Training Loss: 0.117 | Acc: 97.158% (48579/50000)
Testing Loss: 1.089 | Acc: 73.330% (7333/10000)
Saving..

Epoch: 77
learning rate is 0.010000000000000002
Training Loss: 0.110 | Acc: 97.410% (48705/50000)
Testing Loss: 1.134 | Acc: 72.540% (7254/10000)
Saving..

Epoch: 78
learning rate is 0.010000000000000002
Training Loss: 0.110 | Acc: 97.480% (48740/50000)
Testing Loss: 1.136 | Acc: 72.800% (7280/10000)
Saving..

Epoch: 79
learning rate is 0.010000000000000002
Training Loss: 0.107 | Acc: 97.550% (48775/50000)
Testing Loss: 1.091 | Acc: 73.560% (7356/10000)
Saving..

Epoch: 80
learning rate is 0.010000000000000002
Training Loss: 0.115 | Acc: 97.204% (48602/50000)
Testing Loss: 1.180 | Acc: 71.940% (7194/10000)
Saving..

Epoch: 81
learning rate is 0.010000000000000002
Training Loss: 0.116 | Acc: 97.160% (48580/50000)
Testing Loss: 1.113 | Acc: 72.310% (7231/10000)
Saving..

Epoch: 82
learning rate is 0.010000000000000002
Training Loss: 0.114 | Acc: 97.278% (48639/50000)
Testing Loss: 1.157 | Acc: 71.910% (7191/10000)
Saving..

Epoch: 83
learning rate is 0.010000000000000002
Training Loss: 0.122 | Acc: 96.930% (48465/50000)
Testing Loss: 1.145 | Acc: 72.020% (7202/10000)
Saving..

Epoch: 84
learning rate is 0.010000000000000002
Training Loss: 0.115 | Acc: 97.226% (48613/50000)
Testing Loss: 1.142 | Acc: 72.280% (7228/10000)
Saving..

Epoch: 85
learning rate is 0.010000000000000002
Training Loss: 0.112 | Acc: 97.312% (48656/50000)
Testing Loss: 1.129 | Acc: 72.630% (7263/10000)
Saving..

Epoch: 86
learning rate is 0.010000000000000002
Training Loss: 0.118 | Acc: 97.140% (48570/50000)
Testing Loss: 1.156 | Acc: 72.390% (7239/10000)
Saving..

Epoch: 87
learning rate is 0.010000000000000002
Training Loss: 0.117 | Acc: 97.162% (48581/50000)
Testing Loss: 1.126 | Acc: 72.710% (7271/10000)
Saving..

Epoch: 88
learning rate is 0.010000000000000002
Training Loss: 0.123 | Acc: 96.942% (48471/50000)
Testing Loss: 1.200 | Acc: 71.320% (7132/10000)
Saving..

Epoch: 89
learning rate is 0.010000000000000002
Training Loss: 0.124 | Acc: 96.956% (48478/50000)
Testing Loss: 1.220 | Acc: 70.920% (7092/10000)
Saving..

Epoch: 90
learning rate is 0.010000000000000002
Training Loss: 0.130 | Acc: 96.670% (48335/50000)
Testing Loss: 1.188 | Acc: 71.090% (7109/10000)
Saving..

Epoch: 91
learning rate is 0.010000000000000002
Training Loss: 0.132 | Acc: 96.544% (48272/50000)
Testing Loss: 1.191 | Acc: 71.720% (7172/10000)
Saving..

Epoch: 92
learning rate is 0.010000000000000002
Training Loss: 0.135 | Acc: 96.524% (48262/50000)
Testing Loss: 1.158 | Acc: 71.780% (7178/10000)
Saving..

Epoch: 93
learning rate is 0.010000000000000002
Training Loss: 0.130 | Acc: 96.684% (48342/50000)
Testing Loss: 1.234 | Acc: 71.210% (7121/10000)
Saving..

Epoch: 94
learning rate is 0.010000000000000002
Training Loss: 0.129 | Acc: 96.714% (48357/50000)
Testing Loss: 1.216 | Acc: 71.350% (7135/10000)
Saving..

Epoch: 95
learning rate is 0.010000000000000002
Training Loss: 0.132 | Acc: 96.626% (48313/50000)
Testing Loss: 1.223 | Acc: 71.810% (7181/10000)
Saving..

Epoch: 96
learning rate is 0.010000000000000002
Training Loss: 0.126 | Acc: 96.780% (48390/50000)
Testing Loss: 1.188 | Acc: 71.740% (7174/10000)
Saving..

Epoch: 97
learning rate is 0.010000000000000002
Training Loss: 0.125 | Acc: 96.768% (48384/50000)
Testing Loss: 1.302 | Acc: 69.840% (6984/10000)
Saving..

Epoch: 98
learning rate is 0.010000000000000002
Training Loss: 0.129 | Acc: 96.812% (48406/50000)
Testing Loss: 1.201 | Acc: 71.830% (7183/10000)
Saving..

Epoch: 99
learning rate is 0.010000000000000002
Training Loss: 0.121 | Acc: 96.978% (48489/50000)
Testing Loss: 1.212 | Acc: 71.060% (7106/10000)
Saving..

Epoch: 100
learning rate is 0.0010000000000000002
Training Loss: 0.058 | Acc: 98.872% (49436/50000)
Testing Loss: 1.020 | Acc: 75.220% (7522/10000)
Saving..

Epoch: 101
learning rate is 0.0010000000000000002
Training Loss: 0.036 | Acc: 99.552% (49776/50000)
Testing Loss: 1.010 | Acc: 75.620% (7562/10000)
Saving..

Epoch: 102
learning rate is 0.0010000000000000002
Training Loss: 0.029 | Acc: 99.734% (49867/50000)
Testing Loss: 0.999 | Acc: 75.910% (7591/10000)
Saving..

Epoch: 103
learning rate is 0.0010000000000000002
Training Loss: 0.026 | Acc: 99.732% (49866/50000)
Testing Loss: 0.999 | Acc: 76.070% (7607/10000)
Saving..

Epoch: 104
learning rate is 0.0010000000000000002
Training Loss: 0.024 | Acc: 99.780% (49890/50000)
Testing Loss: 0.994 | Acc: 76.290% (7629/10000)
Saving..

Epoch: 105
learning rate is 0.0010000000000000002
Training Loss: 0.022 | Acc: 99.838% (49919/50000)
Testing Loss: 0.997 | Acc: 76.010% (7601/10000)
Saving..

Epoch: 106
learning rate is 0.0010000000000000002
Training Loss: 0.020 | Acc: 99.830% (49915/50000)
Testing Loss: 0.994 | Acc: 76.220% (7622/10000)
Saving..

Epoch: 107
learning rate is 0.0010000000000000002
Training Loss: 0.019 | Acc: 99.850% (49925/50000)
Testing Loss: 0.993 | Acc: 76.000% (7600/10000)
Saving..

Epoch: 108
learning rate is 0.0010000000000000002
Training Loss: 0.019 | Acc: 99.842% (49921/50000)
Testing Loss: 0.988 | Acc: 76.190% (7619/10000)
Saving..

Epoch: 109
learning rate is 0.0010000000000000002
Training Loss: 0.017 | Acc: 99.908% (49954/50000)
Testing Loss: 0.990 | Acc: 76.140% (7614/10000)
Saving..

Epoch: 110
learning rate is 0.0010000000000000002
Training Loss: 0.017 | Acc: 99.876% (49938/50000)
Testing Loss: 0.985 | Acc: 76.410% (7641/10000)
Saving..

Epoch: 111
learning rate is 0.0010000000000000002
Training Loss: 0.016 | Acc: 99.898% (49949/50000)
Testing Loss: 0.985 | Acc: 76.350% (7635/10000)
Saving..

Epoch: 112
learning rate is 0.0010000000000000002
Training Loss: 0.016 | Acc: 99.884% (49942/50000)
Testing Loss: 0.985 | Acc: 76.500% (7650/10000)
Saving..

Epoch: 113
learning rate is 0.0010000000000000002
Training Loss: 0.016 | Acc: 99.882% (49941/50000)
Testing Loss: 0.985 | Acc: 76.310% (7631/10000)
Saving..

Epoch: 114
learning rate is 0.0010000000000000002
Training Loss: 0.015 | Acc: 99.902% (49951/50000)
Testing Loss: 0.981 | Acc: 76.290% (7629/10000)
Saving..

Epoch: 115
learning rate is 0.0010000000000000002
Training Loss: 0.015 | Acc: 99.918% (49959/50000)
Testing Loss: 0.979 | Acc: 76.390% (7639/10000)
Saving..

Epoch: 116
learning rate is 0.0010000000000000002
Training Loss: 0.014 | Acc: 99.910% (49955/50000)
Testing Loss: 0.978 | Acc: 76.510% (7651/10000)
Saving..

Epoch: 117
learning rate is 0.0010000000000000002
Training Loss: 0.014 | Acc: 99.904% (49952/50000)
Testing Loss: 0.980 | Acc: 76.380% (7638/10000)
Saving..

Epoch: 118
learning rate is 0.0010000000000000002
Training Loss: 0.014 | Acc: 99.918% (49959/50000)
Testing Loss: 0.981 | Acc: 76.490% (7649/10000)
Saving..

Epoch: 119
learning rate is 0.0010000000000000002
Training Loss: 0.014 | Acc: 99.916% (49958/50000)
Testing Loss: 0.980 | Acc: 76.380% (7638/10000)
Saving..

Epoch: 120
learning rate is 0.0010000000000000002
Training Loss: 0.014 | Acc: 99.904% (49952/50000)
Testing Loss: 0.980 | Acc: 76.480% (7648/10000)
Saving..

Epoch: 121
learning rate is 0.0010000000000000002
Training Loss: 0.013 | Acc: 99.920% (49960/50000)
Testing Loss: 0.973 | Acc: 76.570% (7657/10000)
Saving..

Epoch: 122
learning rate is 0.0010000000000000002
Training Loss: 0.013 | Acc: 99.944% (49972/50000)
Testing Loss: 0.979 | Acc: 76.570% (7657/10000)
Saving..

Epoch: 123
learning rate is 0.0010000000000000002
Training Loss: 0.013 | Acc: 99.944% (49972/50000)
Testing Loss: 0.974 | Acc: 76.640% (7664/10000)
Saving..

Epoch: 124
learning rate is 0.0010000000000000002
Training Loss: 0.012 | Acc: 99.944% (49972/50000)
Testing Loss: 0.978 | Acc: 76.650% (7665/10000)
Saving..

Epoch: 125
learning rate is 0.0010000000000000002
Training Loss: 0.012 | Acc: 99.930% (49965/50000)
Testing Loss: 0.974 | Acc: 76.520% (7652/10000)
Saving..

Epoch: 126
learning rate is 0.0010000000000000002
Training Loss: 0.012 | Acc: 99.934% (49967/50000)
Testing Loss: 0.971 | Acc: 76.630% (7663/10000)
Saving..

Epoch: 127
learning rate is 0.0010000000000000002
Training Loss: 0.013 | Acc: 99.928% (49964/50000)
Testing Loss: 0.971 | Acc: 76.750% (7675/10000)
Saving..

Epoch: 128
learning rate is 0.0010000000000000002
Training Loss: 0.012 | Acc: 99.954% (49977/50000)
Testing Loss: 0.974 | Acc: 76.550% (7655/10000)
Saving..

Epoch: 129
learning rate is 0.0010000000000000002
Training Loss: 0.012 | Acc: 99.940% (49970/50000)
Testing Loss: 0.967 | Acc: 76.700% (7670/10000)
Saving..

Epoch: 130
learning rate is 0.0010000000000000002
Training Loss: 0.012 | Acc: 99.950% (49975/50000)
Testing Loss: 0.966 | Acc: 76.590% (7659/10000)
Saving..

Epoch: 131
learning rate is 0.0010000000000000002
Training Loss: 0.012 | Acc: 99.942% (49971/50000)
Testing Loss: 0.966 | Acc: 76.740% (7674/10000)
Saving..

Epoch: 132
learning rate is 0.0010000000000000002
Training Loss: 0.012 | Acc: 99.930% (49965/50000)
Testing Loss: 0.965 | Acc: 76.550% (7655/10000)
Saving..

Epoch: 133
learning rate is 0.0010000000000000002
Training Loss: 0.012 | Acc: 99.930% (49965/50000)
Testing Loss: 0.965 | Acc: 76.640% (7664/10000)
Saving..

Epoch: 134
learning rate is 0.0010000000000000002
Training Loss: 0.012 | Acc: 99.946% (49973/50000)
Testing Loss: 0.965 | Acc: 76.670% (7667/10000)
Saving..

Epoch: 135
learning rate is 0.0010000000000000002
Training Loss: 0.012 | Acc: 99.950% (49975/50000)
Testing Loss: 0.968 | Acc: 76.530% (7653/10000)
Saving..

Epoch: 136
learning rate is 0.0010000000000000002
Training Loss: 0.012 | Acc: 99.932% (49966/50000)
Testing Loss: 0.966 | Acc: 76.820% (7682/10000)
Saving..

Epoch: 137
learning rate is 0.0010000000000000002
Training Loss: 0.012 | Acc: 99.934% (49967/50000)
Testing Loss: 0.962 | Acc: 76.640% (7664/10000)
Saving..

Epoch: 138
learning rate is 0.0010000000000000002
Training Loss: 0.011 | Acc: 99.952% (49976/50000)
Testing Loss: 0.959 | Acc: 76.670% (7667/10000)
Saving..

Epoch: 139
learning rate is 0.0010000000000000002
Training Loss: 0.011 | Acc: 99.958% (49979/50000)
Testing Loss: 0.958 | Acc: 76.830% (7683/10000)
Saving..

Epoch: 140
learning rate is 0.0010000000000000002
Training Loss: 0.011 | Acc: 99.944% (49972/50000)
Testing Loss: 0.955 | Acc: 76.680% (7668/10000)
Saving..

Epoch: 141
learning rate is 0.0010000000000000002
Training Loss: 0.011 | Acc: 99.936% (49968/50000)
Testing Loss: 0.959 | Acc: 76.880% (7688/10000)
Saving..

Epoch: 142
learning rate is 0.0010000000000000002
Training Loss: 0.011 | Acc: 99.946% (49973/50000)
Testing Loss: 0.956 | Acc: 76.830% (7683/10000)
Saving..

Epoch: 143
learning rate is 0.0010000000000000002
Training Loss: 0.011 | Acc: 99.950% (49975/50000)
Testing Loss: 0.955 | Acc: 76.830% (7683/10000)
Saving..

Epoch: 144
learning rate is 0.0010000000000000002
Training Loss: 0.011 | Acc: 99.944% (49972/50000)
Testing Loss: 0.955 | Acc: 76.940% (7694/10000)
Saving..

Epoch: 145
learning rate is 0.0010000000000000002
Training Loss: 0.011 | Acc: 99.948% (49974/50000)
Testing Loss: 0.957 | Acc: 76.890% (7689/10000)
Saving..

Epoch: 146
learning rate is 0.0010000000000000002
Training Loss: 0.011 | Acc: 99.970% (49985/50000)
Testing Loss: 0.958 | Acc: 76.910% (7691/10000)
Saving..

Epoch: 147
learning rate is 0.0010000000000000002
Training Loss: 0.011 | Acc: 99.946% (49973/50000)
Testing Loss: 0.952 | Acc: 76.920% (7692/10000)
Saving..

Epoch: 148
learning rate is 0.0010000000000000002
Training Loss: 0.011 | Acc: 99.964% (49982/50000)
Testing Loss: 0.954 | Acc: 76.810% (7681/10000)
Saving..

Epoch: 149
learning rate is 0.0010000000000000002
Training Loss: 0.011 | Acc: 99.966% (49983/50000)
Testing Loss: 0.952 | Acc: 76.950% (7695/10000)
Saving..

Epoch: 150
learning rate is 0.00010000000000000003
Training Loss: 0.011 | Acc: 99.960% (49980/50000)
Testing Loss: 0.951 | Acc: 76.870% (7687/10000)
Saving..

Epoch: 151
learning rate is 0.00010000000000000003
Training Loss: 0.010 | Acc: 99.966% (49983/50000)
Testing Loss: 0.952 | Acc: 76.870% (7687/10000)
Saving..

Epoch: 152
learning rate is 0.00010000000000000003
Training Loss: 0.010 | Acc: 99.964% (49982/50000)
Testing Loss: 0.954 | Acc: 76.850% (7685/10000)
Saving..

Epoch: 153
learning rate is 0.00010000000000000003
Training Loss: 0.010 | Acc: 99.962% (49981/50000)
Testing Loss: 0.951 | Acc: 76.940% (7694/10000)
Saving..

Epoch: 154
learning rate is 0.00010000000000000003
Training Loss: 0.010 | Acc: 99.948% (49974/50000)
Testing Loss: 0.955 | Acc: 76.890% (7689/10000)
Saving..

Epoch: 155
learning rate is 0.00010000000000000003
Training Loss: 0.010 | Acc: 99.962% (49981/50000)
Testing Loss: 0.950 | Acc: 76.910% (7691/10000)
Saving..

Epoch: 156
learning rate is 0.00010000000000000003
Training Loss: 0.010 | Acc: 99.960% (49980/50000)
Testing Loss: 0.956 | Acc: 76.890% (7689/10000)
Saving..

Epoch: 157
learning rate is 0.00010000000000000003
Training Loss: 0.011 | Acc: 99.966% (49983/50000)
Testing Loss: 0.953 | Acc: 76.850% (7685/10000)
Saving..

Epoch: 158
learning rate is 0.00010000000000000003
Training Loss: 0.010 | Acc: 99.952% (49976/50000)
Testing Loss: 0.954 | Acc: 77.120% (7712/10000)
Saving..

Epoch: 159
learning rate is 0.00010000000000000003
Training Loss: 0.010 | Acc: 99.960% (49980/50000)
Testing Loss: 0.952 | Acc: 76.860% (7686/10000)
Saving..

Epoch: 160
learning rate is 0.00010000000000000003
Training Loss: 0.011 | Acc: 99.950% (49975/50000)
Testing Loss: 0.953 | Acc: 77.050% (7705/10000)
Saving..

Epoch: 161
learning rate is 0.00010000000000000003
Training Loss: 0.010 | Acc: 99.964% (49982/50000)
Testing Loss: 0.952 | Acc: 76.950% (7695/10000)
Saving..

Epoch: 162
learning rate is 0.00010000000000000003
Training Loss: 0.010 | Acc: 99.976% (49988/50000)
Testing Loss: 0.951 | Acc: 76.980% (7698/10000)
Saving..

Epoch: 163
learning rate is 0.00010000000000000003
Training Loss: 0.010 | Acc: 99.960% (49980/50000)
Testing Loss: 0.952 | Acc: 77.050% (7705/10000)
Saving..

Epoch: 164
learning rate is 0.00010000000000000003
Training Loss: 0.010 | Acc: 99.954% (49977/50000)
Testing Loss: 0.949 | Acc: 77.010% (7701/10000)
Saving..

Epoch: 165
learning rate is 0.00010000000000000003
Training Loss: 0.010 | Acc: 99.964% (49982/50000)
Testing Loss: 0.951 | Acc: 76.970% (7697/10000)
Saving..

Epoch: 166
learning rate is 0.00010000000000000003
Training Loss: 0.010 | Acc: 99.954% (49977/50000)
Testing Loss: 0.951 | Acc: 77.030% (7703/10000)
Saving..

Epoch: 167
learning rate is 0.00010000000000000003
Training Loss: 0.010 | Acc: 99.964% (49982/50000)
Testing Loss: 0.951 | Acc: 77.020% (7702/10000)
Saving..

Epoch: 168
learning rate is 0.00010000000000000003
Training Loss: 0.010 | Acc: 99.952% (49976/50000)
Testing Loss: 0.955 | Acc: 76.870% (7687/10000)
Saving..

Epoch: 169
learning rate is 0.00010000000000000003
Training Loss: 0.011 | Acc: 99.944% (49972/50000)
Testing Loss: 0.950 | Acc: 76.950% (7695/10000)
Saving..

Epoch: 170
learning rate is 0.00010000000000000003
Training Loss: 0.010 | Acc: 99.966% (49983/50000)
Testing Loss: 0.950 | Acc: 76.980% (7698/10000)
Saving..

Epoch: 171
learning rate is 0.00010000000000000003
Training Loss: 0.010 | Acc: 99.958% (49979/50000)
Testing Loss: 0.951 | Acc: 76.880% (7688/10000)
Saving..

Epoch: 172
learning rate is 0.00010000000000000003
Training Loss: 0.010 | Acc: 99.966% (49983/50000)
Testing Loss: 0.950 | Acc: 76.980% (7698/10000)
Saving..

Epoch: 173
learning rate is 0.00010000000000000003
Training Loss: 0.010 | Acc: 99.954% (49977/50000)
Testing Loss: 0.951 | Acc: 76.950% (7695/10000)
Saving..

Epoch: 174
learning rate is 0.00010000000000000003
Training Loss: 0.010 | Acc: 99.956% (49978/50000)
Testing Loss: 0.950 | Acc: 77.060% (7706/10000)
Saving..

Epoch: 175
learning rate is 0.00010000000000000003
Training Loss: 0.010 | Acc: 99.962% (49981/50000)
Testing Loss: 0.951 | Acc: 77.110% (7711/10000)
Saving..

Epoch: 176
learning rate is 0.00010000000000000003
Training Loss: 0.010 | Acc: 99.960% (49980/50000)
Testing Loss: 0.950 | Acc: 77.020% (7702/10000)
Saving..

Epoch: 177
learning rate is 0.00010000000000000003
Training Loss: 0.010 | Acc: 99.962% (49981/50000)
Testing Loss: 0.951 | Acc: 76.950% (7695/10000)
Saving..

Epoch: 178
learning rate is 0.00010000000000000003
Training Loss: 0.010 | Acc: 99.964% (49982/50000)
Testing Loss: 0.948 | Acc: 76.930% (7693/10000)
Saving..

Epoch: 179
learning rate is 0.00010000000000000003
Training Loss: 0.010 | Acc: 99.958% (49979/50000)
Testing Loss: 0.953 | Acc: 76.960% (7696/10000)
Saving..

Epoch: 180
learning rate is 0.00010000000000000003
Training Loss: 0.010 | Acc: 99.970% (49985/50000)
Testing Loss: 0.951 | Acc: 76.860% (7686/10000)
Saving..

Epoch: 181
learning rate is 0.00010000000000000003
Training Loss: 0.011 | Acc: 99.954% (49977/50000)
Testing Loss: 0.952 | Acc: 76.990% (7699/10000)
Saving..

Epoch: 182
learning rate is 0.00010000000000000003
Training Loss: 0.010 | Acc: 99.966% (49983/50000)
Testing Loss: 0.949 | Acc: 76.990% (7699/10000)
Saving..

Epoch: 183
learning rate is 0.00010000000000000003
Training Loss: 0.010 | Acc: 99.956% (49978/50000)
Testing Loss: 0.950 | Acc: 76.830% (7683/10000)
Saving..

Epoch: 184
learning rate is 0.00010000000000000003
Training Loss: 0.010 | Acc: 99.962% (49981/50000)
Testing Loss: 0.950 | Acc: 77.180% (7718/10000)
Saving..

Epoch: 185
learning rate is 0.00010000000000000003
Training Loss: 0.010 | Acc: 99.954% (49977/50000)
Testing Loss: 0.948 | Acc: 76.980% (7698/10000)
Saving..

Epoch: 186
learning rate is 0.00010000000000000003
Training Loss: 0.010 | Acc: 99.982% (49991/50000)
Testing Loss: 0.950 | Acc: 77.060% (7706/10000)
Saving..

Epoch: 187
learning rate is 0.00010000000000000003
Training Loss: 0.010 | Acc: 99.952% (49976/50000)
Testing Loss: 0.950 | Acc: 76.920% (7692/10000)
Saving..

Epoch: 188
learning rate is 0.00010000000000000003
Training Loss: 0.010 | Acc: 99.976% (49988/50000)
Testing Loss: 0.949 | Acc: 77.030% (7703/10000)
Saving..

Epoch: 189
learning rate is 0.00010000000000000003
Training Loss: 0.010 | Acc: 99.966% (49983/50000)
Testing Loss: 0.950 | Acc: 76.940% (7694/10000)
Saving..

Epoch: 190
learning rate is 0.00010000000000000003
Training Loss: 0.010 | Acc: 99.968% (49984/50000)
Testing Loss: 0.949 | Acc: 77.030% (7703/10000)
Saving..

Epoch: 191
learning rate is 0.00010000000000000003
Training Loss: 0.010 | Acc: 99.968% (49984/50000)
Testing Loss: 0.951 | Acc: 76.910% (7691/10000)
Saving..

Epoch: 192
learning rate is 0.00010000000000000003
Training Loss: 0.010 | Acc: 99.968% (49984/50000)
Testing Loss: 0.949 | Acc: 77.010% (7701/10000)
Saving..

Epoch: 193
learning rate is 0.00010000000000000003
Training Loss: 0.010 | Acc: 99.966% (49983/50000)
Testing Loss: 0.951 | Acc: 77.010% (7701/10000)
Saving..

Epoch: 194
learning rate is 0.00010000000000000003
Training Loss: 0.010 | Acc: 99.976% (49988/50000)
Testing Loss: 0.949 | Acc: 76.990% (7699/10000)
Saving..

Epoch: 195
learning rate is 0.00010000000000000003
Training Loss: 0.010 | Acc: 99.958% (49979/50000)
Testing Loss: 0.950 | Acc: 76.960% (7696/10000)
Saving..

Epoch: 196
learning rate is 0.00010000000000000003
Training Loss: 0.010 | Acc: 99.956% (49978/50000)
Testing Loss: 0.948 | Acc: 76.950% (7695/10000)
Saving..

Epoch: 197
learning rate is 0.00010000000000000003
Training Loss: 0.010 | Acc: 99.968% (49984/50000)
Testing Loss: 0.947 | Acc: 77.190% (7719/10000)
Saving..

Epoch: 198
learning rate is 0.00010000000000000003
Training Loss: 0.010 | Acc: 99.970% (49985/50000)
Testing Loss: 0.947 | Acc: 77.070% (7707/10000)
Saving..

Epoch: 199
learning rate is 0.00010000000000000003
Training Loss: 0.010 | Acc: 99.962% (49981/50000)
Testing Loss: 0.948 | Acc: 77.050% (7705/10000)
Saving..

Epoch: 200
learning rate is 1.0000000000000003e-05
Training Loss: 0.010 | Acc: 99.982% (49991/50000)
Testing Loss: 0.944 | Acc: 76.970% (7697/10000)
Saving..

Epoch: 201
learning rate is 1.0000000000000003e-05
Training Loss: 0.010 | Acc: 99.952% (49976/50000)
Testing Loss: 0.949 | Acc: 77.040% (7704/10000)
Saving..

Epoch: 202
learning rate is 1.0000000000000003e-05
Training Loss: 0.010 | Acc: 99.966% (49983/50000)
Testing Loss: 0.948 | Acc: 77.040% (7704/10000)
Saving..

Epoch: 203
learning rate is 1.0000000000000003e-05
Training Loss: 0.010 | Acc: 99.954% (49977/50000)
Testing Loss: 0.951 | Acc: 76.910% (7691/10000)
Saving..

Epoch: 204
learning rate is 1.0000000000000003e-05
Training Loss: 0.010 | Acc: 99.960% (49980/50000)
Testing Loss: 0.949 | Acc: 76.910% (7691/10000)
Saving..

Epoch: 205
learning rate is 1.0000000000000003e-05
Training Loss: 0.010 | Acc: 99.958% (49979/50000)
Testing Loss: 0.946 | Acc: 77.060% (7706/10000)
Saving..

Epoch: 206
learning rate is 1.0000000000000003e-05
Training Loss: 0.010 | Acc: 99.966% (49983/50000)
Testing Loss: 0.954 | Acc: 77.030% (7703/10000)
Saving..

Epoch: 207
learning rate is 1.0000000000000003e-05
Training Loss: 0.010 | Acc: 99.966% (49983/50000)
Testing Loss: 0.949 | Acc: 77.090% (7709/10000)
Saving..

Epoch: 208
learning rate is 1.0000000000000003e-05
Training Loss: 0.010 | Acc: 99.966% (49983/50000)
Testing Loss: 0.949 | Acc: 76.880% (7688/10000)
Saving..

Epoch: 209
learning rate is 1.0000000000000003e-05
Training Loss: 0.010 | Acc: 99.970% (49985/50000)
Testing Loss: 0.945 | Acc: 76.990% (7699/10000)
Saving..

Epoch: 210
learning rate is 1.0000000000000003e-05
Training Loss: 0.010 | Acc: 99.962% (49981/50000)
Testing Loss: 0.948 | Acc: 76.970% (7697/10000)
Saving..

Epoch: 211
learning rate is 1.0000000000000003e-05
Training Loss: 0.010 | Acc: 99.952% (49976/50000)
Testing Loss: 0.948 | Acc: 76.970% (7697/10000)
Saving..

Epoch: 212
learning rate is 1.0000000000000003e-05
Training Loss: 0.010 | Acc: 99.966% (49983/50000)
Testing Loss: 0.947 | Acc: 77.000% (7700/10000)
Saving..

Epoch: 213
learning rate is 1.0000000000000003e-05
Training Loss: 0.010 | Acc: 99.966% (49983/50000)
Testing Loss: 0.949 | Acc: 77.030% (7703/10000)
Saving..

Epoch: 214
learning rate is 1.0000000000000003e-05
Training Loss: 0.010 | Acc: 99.964% (49982/50000)
Testing Loss: 0.947 | Acc: 77.000% (7700/10000)
Saving..

Epoch: 215
learning rate is 1.0000000000000003e-05
Training Loss: 0.010 | Acc: 99.968% (49984/50000)
Testing Loss: 0.947 | Acc: 77.000% (7700/10000)
Saving..

Epoch: 216
learning rate is 1.0000000000000003e-05
Training Loss: 0.010 | Acc: 99.966% (49983/50000)
Testing Loss: 0.947 | Acc: 77.260% (7726/10000)
Saving..

Epoch: 217
learning rate is 1.0000000000000003e-05
Training Loss: 0.010 | Acc: 99.948% (49974/50000)
Testing Loss: 0.950 | Acc: 76.940% (7694/10000)
Saving..

Epoch: 218
learning rate is 1.0000000000000003e-05
Training Loss: 0.010 | Acc: 99.960% (49980/50000)
Testing Loss: 0.947 | Acc: 76.930% (7693/10000)
Saving..

Epoch: 219
learning rate is 1.0000000000000003e-05
Training Loss: 0.010 | Acc: 99.960% (49980/50000)
Testing Loss: 0.949 | Acc: 77.060% (7706/10000)
Saving..

Epoch: 220
learning rate is 1.0000000000000003e-05
Training Loss: 0.010 | Acc: 99.976% (49988/50000)
Testing Loss: 0.947 | Acc: 77.120% (7712/10000)
Saving..

Epoch: 221
learning rate is 1.0000000000000003e-05
Training Loss: 0.010 | Acc: 99.966% (49983/50000)
Testing Loss: 0.945 | Acc: 77.150% (7715/10000)
Saving..

Epoch: 222
learning rate is 1.0000000000000003e-05
Training Loss: 0.010 | Acc: 99.960% (49980/50000)
Testing Loss: 0.948 | Acc: 76.940% (7694/10000)
Saving..

Epoch: 223
learning rate is 1.0000000000000003e-05
Training Loss: 0.010 | Acc: 99.964% (49982/50000)
Testing Loss: 0.945 | Acc: 77.030% (7703/10000)
Saving..

Epoch: 224
learning rate is 1.0000000000000003e-05
Training Loss: 0.010 | Acc: 99.968% (49984/50000)
Testing Loss: 0.947 | Acc: 77.040% (7704/10000)
Saving..

Epoch: 225
learning rate is 1.0000000000000003e-05
Training Loss: 0.010 | Acc: 99.962% (49981/50000)
Testing Loss: 0.950 | Acc: 77.130% (7713/10000)
Saving..

Epoch: 226
learning rate is 1.0000000000000003e-05
Training Loss: 0.010 | Acc: 99.972% (49986/50000)
Testing Loss: 0.949 | Acc: 77.080% (7708/10000)
Saving..

Epoch: 227
learning rate is 1.0000000000000003e-05
Training Loss: 0.010 | Acc: 99.960% (49980/50000)
Testing Loss: 0.947 | Acc: 77.050% (7705/10000)
Saving..

Epoch: 228
learning rate is 1.0000000000000003e-05
Training Loss: 0.010 | Acc: 99.970% (49985/50000)
Testing Loss: 0.948 | Acc: 76.950% (7695/10000)
Saving..

Epoch: 229
learning rate is 1.0000000000000003e-05
Training Loss: 0.010 | Acc: 99.956% (49978/50000)
Testing Loss: 0.948 | Acc: 77.020% (7702/10000)
Saving..

Epoch: 230
learning rate is 1.0000000000000003e-05
Training Loss: 0.010 | Acc: 99.972% (49986/50000)
Testing Loss: 0.947 | Acc: 77.050% (7705/10000)
Saving..

Epoch: 231
learning rate is 1.0000000000000003e-05
Training Loss: 0.010 | Acc: 99.968% (49984/50000)
Testing Loss: 0.944 | Acc: 77.030% (7703/10000)
Saving..

Epoch: 232
learning rate is 1.0000000000000003e-05
Training Loss: 0.010 | Acc: 99.970% (49985/50000)
Testing Loss: 0.948 | Acc: 77.050% (7705/10000)
Saving..

Epoch: 233
learning rate is 1.0000000000000003e-05
Training Loss: 0.010 | Acc: 99.964% (49982/50000)
Testing Loss: 0.947 | Acc: 77.200% (7720/10000)
Saving..

Epoch: 234
learning rate is 1.0000000000000003e-05
Training Loss: 0.010 | Acc: 99.964% (49982/50000)
Testing Loss: 0.951 | Acc: 77.080% (7708/10000)
Saving..

Epoch: 235
learning rate is 1.0000000000000003e-05
Training Loss: 0.010 | Acc: 99.974% (49987/50000)
Testing Loss: 0.950 | Acc: 77.010% (7701/10000)
Saving..

Epoch: 236
learning rate is 1.0000000000000003e-05
Training Loss: 0.010 | Acc: 99.964% (49982/50000)
Testing Loss: 0.948 | Acc: 76.870% (7687/10000)
Saving..

Epoch: 237
learning rate is 1.0000000000000003e-05
Training Loss: 0.010 | Acc: 99.962% (49981/50000)
Testing Loss: 0.949 | Acc: 77.170% (7717/10000)
Saving..

Epoch: 238
learning rate is 1.0000000000000003e-05
Training Loss: 0.010 | Acc: 99.966% (49983/50000)
Testing Loss: 0.949 | Acc: 76.960% (7696/10000)
Saving..

Epoch: 239
learning rate is 1.0000000000000003e-05
Training Loss: 0.010 | Acc: 99.960% (49980/50000)
Testing Loss: 0.950 | Acc: 77.110% (7711/10000)
Saving..

Epoch: 240
learning rate is 1.0000000000000003e-05
Training Loss: 0.010 | Acc: 99.964% (49982/50000)
Testing Loss: 0.950 | Acc: 77.030% (7703/10000)
Saving..

Epoch: 241
learning rate is 1.0000000000000003e-05
Training Loss: 0.010 | Acc: 99.962% (49981/50000)
Testing Loss: 0.949 | Acc: 76.920% (7692/10000)
Saving..

Epoch: 242
learning rate is 1.0000000000000003e-05
Training Loss: 0.010 | Acc: 99.962% (49981/50000)
Testing Loss: 0.950 | Acc: 76.960% (7696/10000)
Saving..

Epoch: 243
learning rate is 1.0000000000000003e-05
Training Loss: 0.010 | Acc: 99.958% (49979/50000)
Testing Loss: 0.950 | Acc: 77.080% (7708/10000)
Saving..

Epoch: 244
learning rate is 1.0000000000000003e-05
Training Loss: 0.010 | Acc: 99.962% (49981/50000)
Testing Loss: 0.949 | Acc: 77.060% (7706/10000)
Saving..

Epoch: 245
learning rate is 1.0000000000000003e-05
Training Loss: 0.010 | Acc: 99.976% (49988/50000)
Testing Loss: 0.945 | Acc: 77.090% (7709/10000)
Saving..

Epoch: 246
learning rate is 1.0000000000000003e-05
Training Loss: 0.010 | Acc: 99.968% (49984/50000)
Testing Loss: 0.947 | Acc: 76.820% (7682/10000)
Saving..

Epoch: 247
learning rate is 1.0000000000000003e-05
Training Loss: 0.010 | Acc: 99.968% (49984/50000)
Testing Loss: 0.946 | Acc: 76.990% (7699/10000)
Saving..

Epoch: 248
learning rate is 1.0000000000000003e-05
Training Loss: 0.010 | Acc: 99.962% (49981/50000)
Testing Loss: 0.948 | Acc: 77.000% (7700/10000)
Saving..

Epoch: 249
learning rate is 1.0000000000000003e-05
Training Loss: 0.010 | Acc: 99.972% (49986/50000)
Testing Loss: 0.949 | Acc: 76.940% (7694/10000)
Saving..

Epoch: 250
learning rate is 1.0000000000000004e-06
Training Loss: 0.010 | Acc: 99.976% (49988/50000)
Testing Loss: 0.949 | Acc: 76.830% (7683/10000)
Saving..

Epoch: 251
learning rate is 1.0000000000000004e-06
Training Loss: 0.010 | Acc: 99.964% (49982/50000)
Testing Loss: 0.947 | Acc: 76.990% (7699/10000)
Saving..

Epoch: 252
learning rate is 1.0000000000000004e-06
Training Loss: 0.010 | Acc: 99.968% (49984/50000)
Testing Loss: 0.948 | Acc: 77.140% (7714/10000)
Saving..

Epoch: 253
learning rate is 1.0000000000000004e-06
Training Loss: 0.010 | Acc: 99.970% (49985/50000)
Testing Loss: 0.946 | Acc: 76.950% (7695/10000)
Saving..

Epoch: 254
learning rate is 1.0000000000000004e-06
Training Loss: 0.010 | Acc: 99.964% (49982/50000)
Testing Loss: 0.949 | Acc: 77.020% (7702/10000)
Saving..

Epoch: 255
learning rate is 1.0000000000000004e-06
Training Loss: 0.010 | Acc: 99.968% (49984/50000)
Testing Loss: 0.946 | Acc: 77.060% (7706/10000)
Saving..

Epoch: 256
learning rate is 1.0000000000000004e-06
Training Loss: 0.010 | Acc: 99.966% (49983/50000)
Testing Loss: 0.948 | Acc: 77.090% (7709/10000)
Saving..

Epoch: 257
learning rate is 1.0000000000000004e-06
Training Loss: 0.010 | Acc: 99.956% (49978/50000)
Testing Loss: 0.950 | Acc: 76.990% (7699/10000)
Saving..

Epoch: 258
learning rate is 1.0000000000000004e-06
Training Loss: 0.010 | Acc: 99.964% (49982/50000)
Testing Loss: 0.944 | Acc: 77.080% (7708/10000)
Saving..

Epoch: 259
learning rate is 1.0000000000000004e-06
Training Loss: 0.010 | Acc: 99.974% (49987/50000)
Testing Loss: 0.946 | Acc: 77.130% (7713/10000)
Saving..

Epoch: 260
learning rate is 1.0000000000000004e-06
Training Loss: 0.010 | Acc: 99.964% (49982/50000)
Testing Loss: 0.947 | Acc: 77.050% (7705/10000)
Saving..

Epoch: 261
learning rate is 1.0000000000000004e-06
Training Loss: 0.010 | Acc: 99.956% (49978/50000)
Testing Loss: 0.945 | Acc: 77.050% (7705/10000)
Saving..

Epoch: 262
learning rate is 1.0000000000000004e-06
Training Loss: 0.010 | Acc: 99.968% (49984/50000)
Testing Loss: 0.947 | Acc: 77.040% (7704/10000)
Saving..

Epoch: 263
learning rate is 1.0000000000000004e-06
Training Loss: 0.010 | Acc: 99.966% (49983/50000)
Testing Loss: 0.949 | Acc: 77.020% (7702/10000)
Saving..

Epoch: 264
learning rate is 1.0000000000000004e-06
Training Loss: 0.010 | Acc: 99.964% (49982/50000)
Testing Loss: 0.946 | Acc: 77.100% (7710/10000)
Saving..

Epoch: 265
learning rate is 1.0000000000000004e-06
Training Loss: 0.010 | Acc: 99.946% (49973/50000)
Testing Loss: 0.950 | Acc: 77.080% (7708/10000)
Saving..

Epoch: 266
learning rate is 1.0000000000000004e-06
Training Loss: 0.010 | Acc: 99.960% (49980/50000)
Testing Loss: 0.948 | Acc: 76.930% (7693/10000)
Saving..

Epoch: 267
learning rate is 1.0000000000000004e-06
Training Loss: 0.010 | Acc: 99.962% (49981/50000)
Testing Loss: 0.948 | Acc: 76.820% (7682/10000)
Saving..

Epoch: 268
learning rate is 1.0000000000000004e-06
Training Loss: 0.010 | Acc: 99.964% (49982/50000)
Testing Loss: 0.948 | Acc: 76.980% (7698/10000)
Saving..

Epoch: 269
learning rate is 1.0000000000000004e-06
Training Loss: 0.010 | Acc: 99.972% (49986/50000)
Testing Loss: 0.948 | Acc: 77.140% (7714/10000)
Saving..

Epoch: 270
learning rate is 1.0000000000000004e-06
Training Loss: 0.010 | Acc: 99.964% (49982/50000)
Testing Loss: 0.948 | Acc: 77.150% (7715/10000)
Saving..

Epoch: 271
learning rate is 1.0000000000000004e-06
Training Loss: 0.010 | Acc: 99.956% (49978/50000)
Testing Loss: 0.945 | Acc: 77.080% (7708/10000)
Saving..

Epoch: 272
learning rate is 1.0000000000000004e-06
Training Loss: 0.010 | Acc: 99.970% (49985/50000)
Testing Loss: 0.944 | Acc: 77.120% (7712/10000)
Saving..

Epoch: 273
learning rate is 1.0000000000000004e-06
Training Loss: 0.010 | Acc: 99.962% (49981/50000)
Testing Loss: 0.949 | Acc: 76.910% (7691/10000)
Saving..

Epoch: 274
learning rate is 1.0000000000000004e-06
Training Loss: 0.010 | Acc: 99.966% (49983/50000)
Testing Loss: 0.947 | Acc: 77.090% (7709/10000)
Saving..

Epoch: 275
learning rate is 1.0000000000000004e-06
Training Loss: 0.010 | Acc: 99.974% (49987/50000)
Testing Loss: 0.948 | Acc: 76.910% (7691/10000)
Saving..

Epoch: 276
learning rate is 1.0000000000000004e-06
Training Loss: 0.010 | Acc: 99.966% (49983/50000)
Testing Loss: 0.951 | Acc: 77.010% (7701/10000)
Saving..

Epoch: 277
learning rate is 1.0000000000000004e-06
Training Loss: 0.010 | Acc: 99.972% (49986/50000)
Testing Loss: 0.949 | Acc: 76.950% (7695/10000)
Saving..

Epoch: 278
learning rate is 1.0000000000000004e-06
Training Loss: 0.010 | Acc: 99.970% (49985/50000)
Testing Loss: 0.945 | Acc: 77.170% (7717/10000)
Saving..

Epoch: 279
learning rate is 1.0000000000000004e-06
Training Loss: 0.010 | Acc: 99.966% (49983/50000)
Testing Loss: 0.948 | Acc: 76.930% (7693/10000)
Saving..

Epoch: 280
learning rate is 1.0000000000000004e-06
Training Loss: 0.010 | Acc: 99.970% (49985/50000)
Testing Loss: 0.946 | Acc: 77.130% (7713/10000)
Saving..

Epoch: 281
learning rate is 1.0000000000000004e-06
Training Loss: 0.010 | Acc: 99.966% (49983/50000)
Testing Loss: 0.952 | Acc: 76.810% (7681/10000)
Saving..

Epoch: 282
learning rate is 1.0000000000000004e-06
