==> Preparing data..
Files already downloaded and verified
Files already downloaded and verified
==> Building model..
Net building finished

Epoch: 0
learning rate is 0.1
Training Loss: 2.080 | Acc: 25.848% (12924/50000)
Testing Loss: 1.847 | Acc: 36.410% (3641/10000)
Saving..

Epoch: 1
learning rate is 0.1
Training Loss: 1.567 | Acc: 42.212% (21106/50000)
Testing Loss: 1.536 | Acc: 48.510% (4851/10000)
Saving..

Epoch: 2
learning rate is 0.1
Training Loss: 1.355 | Acc: 50.602% (25301/50000)
Testing Loss: 1.502 | Acc: 49.250% (4925/10000)
Saving..

Epoch: 3
learning rate is 0.1
Training Loss: 1.154 | Acc: 58.398% (29199/50000)
Testing Loss: 1.119 | Acc: 60.260% (6026/10000)
Saving..

Epoch: 4
learning rate is 0.1
Training Loss: 0.983 | Acc: 64.830% (32415/50000)
Testing Loss: 1.014 | Acc: 64.050% (6405/10000)
Saving..

Epoch: 5
learning rate is 0.1
Training Loss: 0.904 | Acc: 67.942% (33971/50000)
Testing Loss: 1.091 | Acc: 62.740% (6274/10000)

Epoch: 6
learning rate is 0.1
Training Loss: 0.845 | Acc: 70.186% (35093/50000)
Testing Loss: 1.003 | Acc: 65.020% (6502/10000)
Saving..

Epoch: 7
learning rate is 0.1
Training Loss: 0.799 | Acc: 71.844% (35922/50000)
Testing Loss: 1.085 | Acc: 62.800% (6280/10000)

Epoch: 8
learning rate is 0.1
Training Loss: 0.767 | Acc: 73.128% (36564/50000)
Testing Loss: 1.083 | Acc: 65.020% (6502/10000)

Epoch: 9
learning rate is 0.1
Training Loss: 0.736 | Acc: 74.246% (37123/50000)
Testing Loss: 0.942 | Acc: 67.530% (6753/10000)
Saving..

Epoch: 10
learning rate is 0.1
Training Loss: 0.706 | Acc: 75.250% (37625/50000)
Testing Loss: 0.824 | Acc: 72.210% (7221/10000)
Saving..

Epoch: 11
learning rate is 0.1
Training Loss: 0.679 | Acc: 76.354% (38177/50000)
Testing Loss: 0.928 | Acc: 70.280% (7028/10000)

Epoch: 12
learning rate is 0.1
Training Loss: 0.656 | Acc: 77.342% (38671/50000)
Testing Loss: 0.873 | Acc: 71.600% (7160/10000)

Epoch: 13
learning rate is 0.1
Training Loss: 0.628 | Acc: 78.440% (39220/50000)
Testing Loss: 0.854 | Acc: 70.920% (7092/10000)

Epoch: 14
learning rate is 0.1
Training Loss: 0.613 | Acc: 78.884% (39442/50000)
Testing Loss: 0.920 | Acc: 70.110% (7011/10000)

Epoch: 15
learning rate is 0.1
Training Loss: 0.598 | Acc: 79.362% (39681/50000)
Testing Loss: 0.876 | Acc: 71.020% (7102/10000)

Epoch: 16
learning rate is 0.1
Training Loss: 0.594 | Acc: 79.604% (39802/50000)
Testing Loss: 0.820 | Acc: 73.000% (7300/10000)
Saving..

Epoch: 17
learning rate is 0.1
Training Loss: 0.576 | Acc: 80.128% (40064/50000)
Testing Loss: 0.756 | Acc: 73.950% (7395/10000)
Saving..

Epoch: 18
learning rate is 0.1
Training Loss: 0.571 | Acc: 80.274% (40137/50000)
Testing Loss: 0.671 | Acc: 77.090% (7709/10000)
Saving..

Epoch: 19
learning rate is 0.1
Training Loss: 0.560 | Acc: 80.796% (40398/50000)
Testing Loss: 0.752 | Acc: 75.270% (7527/10000)

Epoch: 20
learning rate is 0.1
Training Loss: 0.561 | Acc: 80.708% (40354/50000)
Testing Loss: 0.667 | Acc: 77.470% (7747/10000)
Saving..

Epoch: 21
learning rate is 0.1
Training Loss: 0.550 | Acc: 81.220% (40610/50000)
Testing Loss: 0.838 | Acc: 72.810% (7281/10000)

Epoch: 22
learning rate is 0.1
Training Loss: 0.540 | Acc: 81.502% (40751/50000)
Testing Loss: 0.794 | Acc: 73.570% (7357/10000)

Epoch: 23
learning rate is 0.1
Training Loss: 0.536 | Acc: 81.506% (40753/50000)
Testing Loss: 0.718 | Acc: 76.250% (7625/10000)

Epoch: 24
learning rate is 0.1
Training Loss: 0.528 | Acc: 81.672% (40836/50000)
Testing Loss: 0.585 | Acc: 79.970% (7997/10000)
Saving..

Epoch: 25
learning rate is 0.1
Training Loss: 0.526 | Acc: 82.034% (41017/50000)
Testing Loss: 0.780 | Acc: 73.570% (7357/10000)

Epoch: 26
learning rate is 0.1
Training Loss: 0.528 | Acc: 81.938% (40969/50000)
Testing Loss: 0.703 | Acc: 76.460% (7646/10000)

Epoch: 27
learning rate is 0.1
Training Loss: 0.518 | Acc: 82.296% (41148/50000)
Testing Loss: 0.612 | Acc: 78.190% (7819/10000)

Epoch: 28
learning rate is 0.1
Training Loss: 0.519 | Acc: 82.302% (41151/50000)
Testing Loss: 0.675 | Acc: 77.320% (7732/10000)

Epoch: 29
learning rate is 0.1
Training Loss: 0.509 | Acc: 82.572% (41286/50000)
Testing Loss: 0.576 | Acc: 80.770% (8077/10000)
Saving..

Epoch: 30
learning rate is 0.1
Training Loss: 0.513 | Acc: 82.566% (41283/50000)
Testing Loss: 0.619 | Acc: 78.610% (7861/10000)

Epoch: 31
learning rate is 0.1
Training Loss: 0.505 | Acc: 82.686% (41343/50000)
Testing Loss: 0.791 | Acc: 74.260% (7426/10000)

Epoch: 32
learning rate is 0.1
Training Loss: 0.509 | Acc: 82.518% (41259/50000)
Testing Loss: 0.615 | Acc: 79.060% (7906/10000)

Epoch: 33
learning rate is 0.1
Training Loss: 0.501 | Acc: 82.890% (41445/50000)
Testing Loss: 0.723 | Acc: 75.040% (7504/10000)

Epoch: 34
learning rate is 0.1
Training Loss: 0.499 | Acc: 83.004% (41502/50000)
Testing Loss: 0.752 | Acc: 75.240% (7524/10000)

Epoch: 35
learning rate is 0.1
Training Loss: 0.498 | Acc: 82.962% (41481/50000)
Testing Loss: 0.790 | Acc: 74.760% (7476/10000)

Epoch: 36
learning rate is 0.1
Training Loss: 0.489 | Acc: 83.210% (41605/50000)
Testing Loss: 0.623 | Acc: 78.570% (7857/10000)

Epoch: 37
learning rate is 0.1
Training Loss: 0.496 | Acc: 82.940% (41470/50000)
Testing Loss: 0.783 | Acc: 75.140% (7514/10000)

Epoch: 38
learning rate is 0.1
Training Loss: 0.493 | Acc: 83.104% (41552/50000)
Testing Loss: 0.699 | Acc: 76.680% (7668/10000)

Epoch: 39
learning rate is 0.1
Training Loss: 0.489 | Acc: 83.324% (41662/50000)
Testing Loss: 0.647 | Acc: 78.540% (7854/10000)

Epoch: 40
learning rate is 0.1
Training Loss: 0.485 | Acc: 83.488% (41744/50000)
Testing Loss: 0.887 | Acc: 71.990% (7199/10000)

Epoch: 41
learning rate is 0.1
Training Loss: 0.483 | Acc: 83.514% (41757/50000)
Testing Loss: 0.595 | Acc: 79.680% (7968/10000)

Epoch: 42
learning rate is 0.1
Training Loss: 0.485 | Acc: 83.268% (41634/50000)
Testing Loss: 0.610 | Acc: 78.960% (7896/10000)

Epoch: 43
learning rate is 0.1
Training Loss: 0.475 | Acc: 83.754% (41877/50000)
Testing Loss: 0.607 | Acc: 79.980% (7998/10000)

Epoch: 44
learning rate is 0.1
Training Loss: 0.478 | Acc: 83.700% (41850/50000)
Testing Loss: 0.612 | Acc: 79.890% (7989/10000)

Epoch: 45
learning rate is 0.1
Training Loss: 0.479 | Acc: 83.730% (41865/50000)
Testing Loss: 0.848 | Acc: 73.870% (7387/10000)

Epoch: 46
learning rate is 0.1
Training Loss: 0.476 | Acc: 83.756% (41878/50000)
Testing Loss: 0.690 | Acc: 76.000% (7600/10000)

Epoch: 47
learning rate is 0.1
Training Loss: 0.474 | Acc: 83.628% (41814/50000)
Testing Loss: 0.679 | Acc: 77.290% (7729/10000)

Epoch: 48
learning rate is 0.1
Training Loss: 0.474 | Acc: 83.810% (41905/50000)
Testing Loss: 0.561 | Acc: 81.030% (8103/10000)
Saving..

Epoch: 49
learning rate is 0.1
Training Loss: 0.468 | Acc: 83.992% (41996/50000)
Testing Loss: 0.762 | Acc: 75.490% (7549/10000)

Epoch: 50
learning rate is 0.010000000000000002
Training Loss: 0.285 | Acc: 90.478% (45239/50000)
Testing Loss: 0.269 | Acc: 90.590% (9059/10000)
Saving..

Epoch: 51
learning rate is 0.010000000000000002
Training Loss: 0.229 | Acc: 92.242% (46121/50000)
Testing Loss: 0.250 | Acc: 91.520% (9152/10000)
Saving..

Epoch: 52
learning rate is 0.010000000000000002
Training Loss: 0.205 | Acc: 93.042% (46521/50000)
Testing Loss: 0.241 | Acc: 91.740% (9174/10000)
Saving..

Epoch: 53
learning rate is 0.010000000000000002
Training Loss: 0.193 | Acc: 93.438% (46719/50000)
Testing Loss: 0.241 | Acc: 91.830% (9183/10000)
Saving..

Epoch: 54
learning rate is 0.010000000000000002
Training Loss: 0.176 | Acc: 94.062% (47031/50000)
Testing Loss: 0.231 | Acc: 92.290% (9229/10000)
Saving..

Epoch: 55
learning rate is 0.010000000000000002
Training Loss: 0.167 | Acc: 94.374% (47187/50000)
Testing Loss: 0.239 | Acc: 92.030% (9203/10000)

Epoch: 56
learning rate is 0.010000000000000002
Training Loss: 0.157 | Acc: 94.622% (47311/50000)
Testing Loss: 0.238 | Acc: 92.070% (9207/10000)

Epoch: 57
learning rate is 0.010000000000000002
Training Loss: 0.152 | Acc: 94.772% (47386/50000)
Testing Loss: 0.237 | Acc: 92.120% (9212/10000)

Epoch: 58
learning rate is 0.010000000000000002
Training Loss: 0.144 | Acc: 95.076% (47538/50000)
Testing Loss: 0.236 | Acc: 92.220% (9222/10000)

Epoch: 59
learning rate is 0.010000000000000002
Training Loss: 0.139 | Acc: 95.320% (47660/50000)
Testing Loss: 0.235 | Acc: 92.160% (9216/10000)

Epoch: 60
learning rate is 0.010000000000000002
Training Loss: 0.133 | Acc: 95.448% (47724/50000)
Testing Loss: 0.257 | Acc: 91.740% (9174/10000)

Epoch: 61
learning rate is 0.010000000000000002
Training Loss: 0.128 | Acc: 95.688% (47844/50000)
Testing Loss: 0.254 | Acc: 91.530% (9153/10000)

Epoch: 62
learning rate is 0.010000000000000002
Training Loss: 0.124 | Acc: 95.812% (47906/50000)
Testing Loss: 0.249 | Acc: 91.830% (9183/10000)

Epoch: 63
learning rate is 0.010000000000000002
Training Loss: 0.125 | Acc: 95.720% (47860/50000)
Testing Loss: 0.236 | Acc: 92.420% (9242/10000)
Saving..

Epoch: 64
learning rate is 0.010000000000000002
Training Loss: 0.122 | Acc: 95.780% (47890/50000)
Testing Loss: 0.256 | Acc: 91.840% (9184/10000)

Epoch: 65
learning rate is 0.010000000000000002
Training Loss: 0.120 | Acc: 95.952% (47976/50000)
Testing Loss: 0.276 | Acc: 91.270% (9127/10000)

Epoch: 66
learning rate is 0.010000000000000002
Training Loss: 0.119 | Acc: 95.978% (47989/50000)
Testing Loss: 0.312 | Acc: 90.540% (9054/10000)

Epoch: 67
learning rate is 0.010000000000000002
Training Loss: 0.116 | Acc: 96.040% (48020/50000)
Testing Loss: 0.278 | Acc: 91.500% (9150/10000)

Epoch: 68
learning rate is 0.010000000000000002
Training Loss: 0.119 | Acc: 96.022% (48011/50000)
Testing Loss: 0.312 | Acc: 90.550% (9055/10000)

Epoch: 69
learning rate is 0.010000000000000002
Training Loss: 0.116 | Acc: 95.954% (47977/50000)
Testing Loss: 0.263 | Acc: 91.680% (9168/10000)

Epoch: 70
learning rate is 0.010000000000000002
Training Loss: 0.114 | Acc: 96.130% (48065/50000)
Testing Loss: 0.287 | Acc: 91.360% (9136/10000)

Epoch: 71
learning rate is 0.010000000000000002
Training Loss: 0.113 | Acc: 96.136% (48068/50000)
Testing Loss: 0.290 | Acc: 90.950% (9095/10000)

Epoch: 72
learning rate is 0.010000000000000002
Training Loss: 0.114 | Acc: 96.028% (48014/50000)
Testing Loss: 0.277 | Acc: 91.270% (9127/10000)

Epoch: 73
learning rate is 0.010000000000000002
Training Loss: 0.118 | Acc: 95.862% (47931/50000)
Testing Loss: 0.284 | Acc: 91.460% (9146/10000)

Epoch: 74
learning rate is 0.010000000000000002
Training Loss: 0.116 | Acc: 96.084% (48042/50000)
Testing Loss: 0.294 | Acc: 91.100% (9110/10000)

Epoch: 75
learning rate is 0.010000000000000002
Training Loss: 0.115 | Acc: 96.148% (48074/50000)
Testing Loss: 0.295 | Acc: 90.750% (9075/10000)

Epoch: 76
learning rate is 0.010000000000000002
Training Loss: 0.116 | Acc: 96.066% (48033/50000)
Testing Loss: 0.266 | Acc: 91.650% (9165/10000)

Epoch: 77
learning rate is 0.010000000000000002
Training Loss: 0.116 | Acc: 96.080% (48040/50000)
Testing Loss: 0.289 | Acc: 91.440% (9144/10000)

Epoch: 78
learning rate is 0.010000000000000002
Training Loss: 0.115 | Acc: 96.036% (48018/50000)
Testing Loss: 0.308 | Acc: 90.580% (9058/10000)

Epoch: 79
learning rate is 0.010000000000000002
Training Loss: 0.108 | Acc: 96.304% (48152/50000)
Testing Loss: 0.268 | Acc: 91.520% (9152/10000)

Epoch: 80
learning rate is 0.010000000000000002
Training Loss: 0.111 | Acc: 96.160% (48080/50000)
Testing Loss: 0.310 | Acc: 90.840% (9084/10000)

Epoch: 81
learning rate is 0.010000000000000002
Training Loss: 0.113 | Acc: 96.174% (48087/50000)
Testing Loss: 0.289 | Acc: 91.080% (9108/10000)

Epoch: 82
learning rate is 0.010000000000000002
Training Loss: 0.111 | Acc: 96.206% (48103/50000)
Testing Loss: 0.300 | Acc: 90.860% (9086/10000)

Epoch: 83
learning rate is 0.010000000000000002
Training Loss: 0.106 | Acc: 96.376% (48188/50000)
Testing Loss: 0.289 | Acc: 91.000% (9100/10000)

Epoch: 84
learning rate is 0.010000000000000002
Training Loss: 0.114 | Acc: 96.002% (48001/50000)
Testing Loss: 0.307 | Acc: 90.610% (9061/10000)

Epoch: 85
learning rate is 0.010000000000000002
Training Loss: 0.113 | Acc: 96.142% (48071/50000)
Testing Loss: 0.281 | Acc: 91.270% (9127/10000)

Epoch: 86
learning rate is 0.010000000000000002
Training Loss: 0.109 | Acc: 96.336% (48168/50000)
Testing Loss: 0.273 | Acc: 91.660% (9166/10000)

Epoch: 87
learning rate is 0.010000000000000002
Training Loss: 0.109 | Acc: 96.248% (48124/50000)
Testing Loss: 0.262 | Acc: 91.870% (9187/10000)

Epoch: 88
learning rate is 0.010000000000000002
Training Loss: 0.104 | Acc: 96.392% (48196/50000)
Testing Loss: 0.324 | Acc: 90.500% (9050/10000)

Epoch: 89
learning rate is 0.010000000000000002
Training Loss: 0.106 | Acc: 96.458% (48229/50000)
Testing Loss: 0.309 | Acc: 90.950% (9095/10000)

Epoch: 90
learning rate is 0.010000000000000002
Training Loss: 0.103 | Acc: 96.482% (48241/50000)
Testing Loss: 0.332 | Acc: 90.480% (9048/10000)

Epoch: 91
learning rate is 0.010000000000000002
Training Loss: 0.101 | Acc: 96.612% (48306/50000)
Testing Loss: 0.278 | Acc: 91.620% (9162/10000)

Epoch: 92
learning rate is 0.010000000000000002
Training Loss: 0.105 | Acc: 96.414% (48207/50000)
Testing Loss: 0.336 | Acc: 89.800% (8980/10000)

Epoch: 93
learning rate is 0.010000000000000002
Training Loss: 0.108 | Acc: 96.234% (48117/50000)
Testing Loss: 0.275 | Acc: 91.870% (9187/10000)

Epoch: 94
learning rate is 0.010000000000000002
Training Loss: 0.104 | Acc: 96.396% (48198/50000)
Testing Loss: 0.305 | Acc: 91.100% (9110/10000)

Epoch: 95
learning rate is 0.010000000000000002
Training Loss: 0.096 | Acc: 96.712% (48356/50000)
Testing Loss: 0.316 | Acc: 90.710% (9071/10000)

Epoch: 96
learning rate is 0.010000000000000002
Training Loss: 0.103 | Acc: 96.474% (48237/50000)
Testing Loss: 0.300 | Acc: 90.920% (9092/10000)

Epoch: 97
learning rate is 0.010000000000000002
Training Loss: 0.102 | Acc: 96.436% (48218/50000)
Testing Loss: 0.305 | Acc: 90.750% (9075/10000)

Epoch: 98
learning rate is 0.010000000000000002
Training Loss: 0.100 | Acc: 96.638% (48319/50000)
Testing Loss: 0.343 | Acc: 89.660% (8966/10000)

Epoch: 99
learning rate is 0.010000000000000002
Training Loss: 0.099 | Acc: 96.660% (48330/50000)
Testing Loss: 0.298 | Acc: 91.310% (9131/10000)

Epoch: 100
learning rate is 0.0010000000000000002
Training Loss: 0.048 | Acc: 98.572% (49286/50000)
Testing Loss: 0.202 | Acc: 93.960% (9396/10000)
Saving..

Epoch: 101
learning rate is 0.0010000000000000002
Training Loss: 0.030 | Acc: 99.134% (49567/50000)
Testing Loss: 0.196 | Acc: 94.370% (9437/10000)
Saving..

Epoch: 102
learning rate is 0.0010000000000000002
Training Loss: 0.025 | Acc: 99.292% (49646/50000)
Testing Loss: 0.195 | Acc: 94.450% (9445/10000)
Saving..

Epoch: 103
learning rate is 0.0010000000000000002
Training Loss: 0.021 | Acc: 99.450% (49725/50000)
Testing Loss: 0.198 | Acc: 94.500% (9450/10000)
Saving..

Epoch: 104
learning rate is 0.0010000000000000002
Training Loss: 0.018 | Acc: 99.504% (49752/50000)
Testing Loss: 0.201 | Acc: 94.370% (9437/10000)

Epoch: 105
learning rate is 0.0010000000000000002
Training Loss: 0.016 | Acc: 99.602% (49801/50000)
Testing Loss: 0.199 | Acc: 94.420% (9442/10000)

Epoch: 106
learning rate is 0.0010000000000000002
Training Loss: 0.015 | Acc: 99.650% (49825/50000)
Testing Loss: 0.197 | Acc: 94.600% (9460/10000)
Saving..

Epoch: 107
learning rate is 0.0010000000000000002
Training Loss: 0.014 | Acc: 99.666% (49833/50000)
Testing Loss: 0.200 | Acc: 94.580% (9458/10000)

Epoch: 108
learning rate is 0.0010000000000000002
Training Loss: 0.013 | Acc: 99.690% (49845/50000)
Testing Loss: 0.202 | Acc: 94.770% (9477/10000)
Saving..

Epoch: 109
learning rate is 0.0010000000000000002
Training Loss: 0.012 | Acc: 99.706% (49853/50000)
Testing Loss: 0.200 | Acc: 94.630% (9463/10000)

Epoch: 110
learning rate is 0.0010000000000000002
Training Loss: 0.012 | Acc: 99.744% (49872/50000)
Testing Loss: 0.203 | Acc: 94.550% (9455/10000)

Epoch: 111
learning rate is 0.0010000000000000002
Training Loss: 0.010 | Acc: 99.802% (49901/50000)
Testing Loss: 0.204 | Acc: 94.660% (9466/10000)

Epoch: 112
learning rate is 0.0010000000000000002
Training Loss: 0.009 | Acc: 99.800% (49900/50000)
Testing Loss: 0.201 | Acc: 94.760% (9476/10000)

Epoch: 113
learning rate is 0.0010000000000000002
Training Loss: 0.009 | Acc: 99.814% (49907/50000)
Testing Loss: 0.204 | Acc: 94.570% (9457/10000)

Epoch: 114
learning rate is 0.0010000000000000002
Training Loss: 0.009 | Acc: 99.824% (49912/50000)
Testing Loss: 0.208 | Acc: 94.430% (9443/10000)

Epoch: 115
learning rate is 0.0010000000000000002
Training Loss: 0.008 | Acc: 99.862% (49931/50000)
Testing Loss: 0.206 | Acc: 94.760% (9476/10000)

Epoch: 116
learning rate is 0.0010000000000000002
Training Loss: 0.008 | Acc: 99.856% (49928/50000)
Testing Loss: 0.208 | Acc: 94.560% (9456/10000)

Epoch: 117
learning rate is 0.0010000000000000002
Training Loss: 0.008 | Acc: 99.844% (49922/50000)
Testing Loss: 0.210 | Acc: 94.440% (9444/10000)

Epoch: 118
learning rate is 0.0010000000000000002
Training Loss: 0.009 | Acc: 99.796% (49898/50000)
Testing Loss: 0.211 | Acc: 94.690% (9469/10000)

Epoch: 119
learning rate is 0.0010000000000000002
Training Loss: 0.007 | Acc: 99.882% (49941/50000)
Testing Loss: 0.208 | Acc: 94.490% (9449/10000)

Epoch: 120
learning rate is 0.0010000000000000002
Training Loss: 0.008 | Acc: 99.832% (49916/50000)
Testing Loss: 0.209 | Acc: 94.640% (9464/10000)

Epoch: 121
learning rate is 0.0010000000000000002
Training Loss: 0.007 | Acc: 99.856% (49928/50000)
Testing Loss: 0.208 | Acc: 94.690% (9469/10000)

Epoch: 122
learning rate is 0.0010000000000000002
Training Loss: 0.007 | Acc: 99.870% (49935/50000)
Testing Loss: 0.209 | Acc: 94.650% (9465/10000)

Epoch: 123
learning rate is 0.0010000000000000002
Training Loss: 0.007 | Acc: 99.880% (49940/50000)
Testing Loss: 0.208 | Acc: 94.650% (9465/10000)

Epoch: 124
learning rate is 0.0010000000000000002
Training Loss: 0.007 | Acc: 99.896% (49948/50000)
Testing Loss: 0.210 | Acc: 94.650% (9465/10000)

Epoch: 125
learning rate is 0.0010000000000000002
Training Loss: 0.007 | Acc: 99.886% (49943/50000)
Testing Loss: 0.211 | Acc: 94.620% (9462/10000)

Epoch: 126
learning rate is 0.0010000000000000002
Training Loss: 0.006 | Acc: 99.896% (49948/50000)
Testing Loss: 0.211 | Acc: 94.630% (9463/10000)

Epoch: 127
learning rate is 0.0010000000000000002
Training Loss: 0.006 | Acc: 99.900% (49950/50000)
Testing Loss: 0.212 | Acc: 94.610% (9461/10000)

Epoch: 128
learning rate is 0.0010000000000000002
Training Loss: 0.006 | Acc: 99.908% (49954/50000)
Testing Loss: 0.207 | Acc: 94.680% (9468/10000)

Epoch: 129
learning rate is 0.0010000000000000002
Training Loss: 0.006 | Acc: 99.866% (49933/50000)
Testing Loss: 0.209 | Acc: 94.590% (9459/10000)

Epoch: 130
learning rate is 0.0010000000000000002
Training Loss: 0.006 | Acc: 99.896% (49948/50000)
Testing Loss: 0.209 | Acc: 94.790% (9479/10000)
Saving..

Epoch: 131
learning rate is 0.0010000000000000002
Training Loss: 0.005 | Acc: 99.926% (49963/50000)
Testing Loss: 0.211 | Acc: 94.650% (9465/10000)

Epoch: 132
learning rate is 0.0010000000000000002
Training Loss: 0.006 | Acc: 99.912% (49956/50000)
Testing Loss: 0.210 | Acc: 94.650% (9465/10000)

Epoch: 133
learning rate is 0.0010000000000000002
Training Loss: 0.005 | Acc: 99.920% (49960/50000)
Testing Loss: 0.213 | Acc: 94.630% (9463/10000)

Epoch: 134
learning rate is 0.0010000000000000002
Training Loss: 0.005 | Acc: 99.910% (49955/50000)
Testing Loss: 0.215 | Acc: 94.540% (9454/10000)

Epoch: 135
learning rate is 0.0010000000000000002
Training Loss: 0.005 | Acc: 99.908% (49954/50000)
Testing Loss: 0.214 | Acc: 94.690% (9469/10000)

Epoch: 136
learning rate is 0.0010000000000000002
Training Loss: 0.005 | Acc: 99.930% (49965/50000)
Testing Loss: 0.214 | Acc: 94.690% (9469/10000)

Epoch: 137
learning rate is 0.0010000000000000002
Training Loss: 0.005 | Acc: 99.910% (49955/50000)
Testing Loss: 0.214 | Acc: 94.560% (9456/10000)

Epoch: 138
learning rate is 0.0010000000000000002
Training Loss: 0.005 | Acc: 99.940% (49970/50000)
Testing Loss: 0.213 | Acc: 94.540% (9454/10000)

Epoch: 139
learning rate is 0.0010000000000000002
Training Loss: 0.005 | Acc: 99.926% (49963/50000)
Testing Loss: 0.215 | Acc: 94.570% (9457/10000)

Epoch: 140
learning rate is 0.0010000000000000002
Training Loss: 0.005 | Acc: 99.918% (49959/50000)
Testing Loss: 0.211 | Acc: 94.660% (9466/10000)

Epoch: 141
learning rate is 0.0010000000000000002
Training Loss: 0.005 | Acc: 99.930% (49965/50000)
Testing Loss: 0.216 | Acc: 94.650% (9465/10000)

Epoch: 142
learning rate is 0.0010000000000000002
Training Loss: 0.004 | Acc: 99.940% (49970/50000)
Testing Loss: 0.213 | Acc: 94.690% (9469/10000)

Epoch: 143
learning rate is 0.0010000000000000002
Training Loss: 0.005 | Acc: 99.920% (49960/50000)
Testing Loss: 0.214 | Acc: 94.770% (9477/10000)

Epoch: 144
learning rate is 0.0010000000000000002
Training Loss: 0.005 | Acc: 99.928% (49964/50000)
Testing Loss: 0.216 | Acc: 94.540% (9454/10000)

Epoch: 145
learning rate is 0.0010000000000000002
Training Loss: 0.005 | Acc: 99.922% (49961/50000)
Testing Loss: 0.217 | Acc: 94.640% (9464/10000)

Epoch: 146
learning rate is 0.0010000000000000002
Training Loss: 0.005 | Acc: 99.942% (49971/50000)
Testing Loss: 0.215 | Acc: 94.660% (9466/10000)

Epoch: 147
learning rate is 0.0010000000000000002
Training Loss: 0.004 | Acc: 99.956% (49978/50000)
Testing Loss: 0.215 | Acc: 94.730% (9473/10000)

Epoch: 148
learning rate is 0.0010000000000000002
Training Loss: 0.004 | Acc: 99.968% (49984/50000)
Testing Loss: 0.216 | Acc: 94.760% (9476/10000)

Epoch: 149
learning rate is 0.0010000000000000002
Training Loss: 0.004 | Acc: 99.948% (49974/50000)
Testing Loss: 0.218 | Acc: 94.610% (9461/10000)

Epoch: 150
learning rate is 0.00010000000000000003
Training Loss: 0.004 | Acc: 99.950% (49975/50000)
Testing Loss: 0.215 | Acc: 94.560% (9456/10000)

Epoch: 151
learning rate is 0.00010000000000000003
Training Loss: 0.004 | Acc: 99.950% (49975/50000)
Testing Loss: 0.215 | Acc: 94.650% (9465/10000)

Epoch: 152
learning rate is 0.00010000000000000003
Training Loss: 0.004 | Acc: 99.952% (49976/50000)
Testing Loss: 0.218 | Acc: 94.600% (9460/10000)

Epoch: 153
learning rate is 0.00010000000000000003
Training Loss: 0.004 | Acc: 99.968% (49984/50000)
Testing Loss: 0.215 | Acc: 94.640% (9464/10000)

Epoch: 154
learning rate is 0.00010000000000000003
Training Loss: 0.004 | Acc: 99.952% (49976/50000)
Testing Loss: 0.214 | Acc: 94.520% (9452/10000)

Epoch: 155
learning rate is 0.00010000000000000003
Training Loss: 0.004 | Acc: 99.962% (49981/50000)
Testing Loss: 0.215 | Acc: 94.610% (9461/10000)

Epoch: 156
learning rate is 0.00010000000000000003
Training Loss: 0.004 | Acc: 99.950% (49975/50000)
Testing Loss: 0.213 | Acc: 94.580% (9458/10000)

Epoch: 157
learning rate is 0.00010000000000000003
Training Loss: 0.004 | Acc: 99.950% (49975/50000)
Testing Loss: 0.213 | Acc: 94.600% (9460/10000)

Epoch: 158
learning rate is 0.00010000000000000003
Training Loss: 0.004 | Acc: 99.958% (49979/50000)
Testing Loss: 0.214 | Acc: 94.670% (9467/10000)

Epoch: 159
learning rate is 0.00010000000000000003
Training Loss: 0.004 | Acc: 99.946% (49973/50000)
Testing Loss: 0.213 | Acc: 94.710% (9471/10000)

Epoch: 160
learning rate is 0.00010000000000000003
Training Loss: 0.004 | Acc: 99.942% (49971/50000)
Testing Loss: 0.212 | Acc: 94.830% (9483/10000)
Saving..

Epoch: 161
learning rate is 0.00010000000000000003
Training Loss: 0.004 | Acc: 99.970% (49985/50000)
Testing Loss: 0.213 | Acc: 94.650% (9465/10000)

Epoch: 162
learning rate is 0.00010000000000000003
Training Loss: 0.004 | Acc: 99.950% (49975/50000)
Testing Loss: 0.214 | Acc: 94.660% (9466/10000)

Epoch: 163
learning rate is 0.00010000000000000003
Training Loss: 0.004 | Acc: 99.944% (49972/50000)
Testing Loss: 0.212 | Acc: 94.710% (9471/10000)

Epoch: 164
learning rate is 0.00010000000000000003
Training Loss: 0.004 | Acc: 99.966% (49983/50000)
Testing Loss: 0.211 | Acc: 94.770% (9477/10000)

Epoch: 165
learning rate is 0.00010000000000000003
Training Loss: 0.004 | Acc: 99.964% (49982/50000)
Testing Loss: 0.212 | Acc: 94.710% (9471/10000)

Epoch: 166
learning rate is 0.00010000000000000003
Training Loss: 0.004 | Acc: 99.944% (49972/50000)
Testing Loss: 0.212 | Acc: 94.720% (9472/10000)

Epoch: 167
learning rate is 0.00010000000000000003
Training Loss: 0.004 | Acc: 99.964% (49982/50000)
Testing Loss: 0.212 | Acc: 94.670% (9467/10000)

Epoch: 168
learning rate is 0.00010000000000000003
Training Loss: 0.004 | Acc: 99.958% (49979/50000)
Testing Loss: 0.214 | Acc: 94.690% (9469/10000)

Epoch: 169
learning rate is 0.00010000000000000003
Training Loss: 0.004 | Acc: 99.948% (49974/50000)
Testing Loss: 0.211 | Acc: 94.760% (9476/10000)

Epoch: 170
learning rate is 0.00010000000000000003
Training Loss: 0.003 | Acc: 99.952% (49976/50000)
Testing Loss: 0.213 | Acc: 94.660% (9466/10000)

Epoch: 171
learning rate is 0.00010000000000000003
Training Loss: 0.004 | Acc: 99.950% (49975/50000)
Testing Loss: 0.213 | Acc: 94.700% (9470/10000)

Epoch: 172
learning rate is 0.00010000000000000003
Training Loss: 0.003 | Acc: 99.968% (49984/50000)
Testing Loss: 0.212 | Acc: 94.720% (9472/10000)

Epoch: 173
learning rate is 0.00010000000000000003
Training Loss: 0.004 | Acc: 99.958% (49979/50000)
Testing Loss: 0.215 | Acc: 94.690% (9469/10000)

Epoch: 174
learning rate is 0.00010000000000000003
Training Loss: 0.003 | Acc: 99.968% (49984/50000)
Testing Loss: 0.214 | Acc: 94.730% (9473/10000)

Epoch: 175
learning rate is 0.00010000000000000003
Training Loss: 0.004 | Acc: 99.950% (49975/50000)
Testing Loss: 0.212 | Acc: 94.680% (9468/10000)

Epoch: 176
learning rate is 0.00010000000000000003
Training Loss: 0.004 | Acc: 99.966% (49983/50000)
Testing Loss: 0.213 | Acc: 94.640% (9464/10000)

Epoch: 177
learning rate is 0.00010000000000000003
Training Loss: 0.004 | Acc: 99.962% (49981/50000)
Testing Loss: 0.214 | Acc: 94.680% (9468/10000)

Epoch: 178
learning rate is 0.00010000000000000003
Training Loss: 0.004 | Acc: 99.970% (49985/50000)
Testing Loss: 0.213 | Acc: 94.770% (9477/10000)

Epoch: 179
learning rate is 0.00010000000000000003
Training Loss: 0.003 | Acc: 99.976% (49988/50000)
Testing Loss: 0.212 | Acc: 94.730% (9473/10000)

Epoch: 180
learning rate is 0.00010000000000000003
Training Loss: 0.004 | Acc: 99.960% (49980/50000)
Testing Loss: 0.214 | Acc: 94.720% (9472/10000)

Epoch: 181
learning rate is 0.00010000000000000003
Training Loss: 0.003 | Acc: 99.958% (49979/50000)
Testing Loss: 0.212 | Acc: 94.600% (9460/10000)

Epoch: 182
learning rate is 0.00010000000000000003
Training Loss: 0.003 | Acc: 99.972% (49986/50000)
Testing Loss: 0.214 | Acc: 94.650% (9465/10000)

Epoch: 183
learning rate is 0.00010000000000000003
Training Loss: 0.004 | Acc: 99.962% (49981/50000)
Testing Loss: 0.213 | Acc: 94.680% (9468/10000)

Epoch: 184
learning rate is 0.00010000000000000003
Training Loss: 0.003 | Acc: 99.970% (49985/50000)
Testing Loss: 0.212 | Acc: 94.760% (9476/10000)

Epoch: 185
learning rate is 0.00010000000000000003
Training Loss: 0.003 | Acc: 99.958% (49979/50000)
Testing Loss: 0.216 | Acc: 94.620% (9462/10000)

Epoch: 186
learning rate is 0.00010000000000000003
Training Loss: 0.004 | Acc: 99.956% (49978/50000)
Testing Loss: 0.212 | Acc: 94.660% (9466/10000)

Epoch: 187
learning rate is 0.00010000000000000003
Training Loss: 0.003 | Acc: 99.952% (49976/50000)
Testing Loss: 0.211 | Acc: 94.760% (9476/10000)

Epoch: 188
learning rate is 0.00010000000000000003
Training Loss: 0.003 | Acc: 99.978% (49989/50000)
Testing Loss: 0.213 | Acc: 94.610% (9461/10000)

Epoch: 189
learning rate is 0.00010000000000000003
Training Loss: 0.003 | Acc: 99.964% (49982/50000)
Testing Loss: 0.211 | Acc: 94.780% (9478/10000)

Epoch: 190
learning rate is 0.00010000000000000003
Training Loss: 0.003 | Acc: 99.970% (49985/50000)
Testing Loss: 0.212 | Acc: 94.710% (9471/10000)

Epoch: 191
learning rate is 0.00010000000000000003
Training Loss: 0.003 | Acc: 99.978% (49989/50000)
Testing Loss: 0.213 | Acc: 94.680% (9468/10000)

Epoch: 192
learning rate is 0.00010000000000000003
Training Loss: 0.003 | Acc: 99.968% (49984/50000)
Testing Loss: 0.214 | Acc: 94.610% (9461/10000)

Epoch: 193
learning rate is 0.00010000000000000003
Training Loss: 0.004 | Acc: 99.966% (49983/50000)
Testing Loss: 0.213 | Acc: 94.780% (9478/10000)

Epoch: 194
learning rate is 0.00010000000000000003
Training Loss: 0.003 | Acc: 99.962% (49981/50000)
Testing Loss: 0.211 | Acc: 94.690% (9469/10000)

Epoch: 195
learning rate is 0.00010000000000000003
Training Loss: 0.003 | Acc: 99.966% (49983/50000)
Testing Loss: 0.213 | Acc: 94.830% (9483/10000)

Epoch: 196
learning rate is 0.00010000000000000003
Training Loss: 0.003 | Acc: 99.972% (49986/50000)
Testing Loss: 0.212 | Acc: 94.700% (9470/10000)

Epoch: 197
learning rate is 0.00010000000000000003
Training Loss: 0.004 | Acc: 99.966% (49983/50000)
Testing Loss: 0.214 | Acc: 94.610% (9461/10000)

Epoch: 198
learning rate is 0.00010000000000000003
Training Loss: 0.003 | Acc: 99.966% (49983/50000)
Testing Loss: 0.210 | Acc: 94.760% (9476/10000)

Epoch: 199
learning rate is 0.00010000000000000003
Training Loss: 0.004 | Acc: 99.956% (49978/50000)
Testing Loss: 0.213 | Acc: 94.710% (9471/10000)

Epoch: 200
learning rate is 1.0000000000000003e-05
Training Loss: 0.003 | Acc: 99.976% (49988/50000)
Testing Loss: 0.210 | Acc: 94.660% (9466/10000)

Epoch: 201
learning rate is 1.0000000000000003e-05
Training Loss: 0.003 | Acc: 99.970% (49985/50000)
Testing Loss: 0.211 | Acc: 94.690% (9469/10000)

Epoch: 202
learning rate is 1.0000000000000003e-05
Training Loss: 0.004 | Acc: 99.952% (49976/50000)
Testing Loss: 0.211 | Acc: 94.770% (9477/10000)

Epoch: 203
learning rate is 1.0000000000000003e-05
Training Loss: 0.003 | Acc: 99.972% (49986/50000)
Testing Loss: 0.212 | Acc: 94.750% (9475/10000)

Epoch: 204
learning rate is 1.0000000000000003e-05
Training Loss: 0.003 | Acc: 99.972% (49986/50000)
Testing Loss: 0.212 | Acc: 94.730% (9473/10000)

Epoch: 205
learning rate is 1.0000000000000003e-05
Training Loss: 0.003 | Acc: 99.962% (49981/50000)
Testing Loss: 0.214 | Acc: 94.710% (9471/10000)

Epoch: 206
learning rate is 1.0000000000000003e-05
Training Loss: 0.003 | Acc: 99.972% (49986/50000)
Testing Loss: 0.210 | Acc: 94.750% (9475/10000)

Epoch: 207
learning rate is 1.0000000000000003e-05
Training Loss: 0.003 | Acc: 99.962% (49981/50000)
Testing Loss: 0.211 | Acc: 94.780% (9478/10000)

Epoch: 208
learning rate is 1.0000000000000003e-05
Training Loss: 0.003 | Acc: 99.972% (49986/50000)
Testing Loss: 0.209 | Acc: 94.750% (9475/10000)

Epoch: 209
learning rate is 1.0000000000000003e-05
Training Loss: 0.004 | Acc: 99.954% (49977/50000)
Testing Loss: 0.212 | Acc: 94.780% (9478/10000)

Epoch: 210
learning rate is 1.0000000000000003e-05
Training Loss: 0.003 | Acc: 99.962% (49981/50000)
Testing Loss: 0.212 | Acc: 94.730% (9473/10000)

Epoch: 211
learning rate is 1.0000000000000003e-05
Training Loss: 0.004 | Acc: 99.964% (49982/50000)
Testing Loss: 0.214 | Acc: 94.720% (9472/10000)

Epoch: 212
learning rate is 1.0000000000000003e-05
Training Loss: 0.003 | Acc: 99.968% (49984/50000)
Testing Loss: 0.211 | Acc: 94.620% (9462/10000)

Epoch: 213
learning rate is 1.0000000000000003e-05
Training Loss: 0.003 | Acc: 99.978% (49989/50000)
Testing Loss: 0.211 | Acc: 94.630% (9463/10000)

Epoch: 214
learning rate is 1.0000000000000003e-05
Training Loss: 0.003 | Acc: 99.978% (49989/50000)
Testing Loss: 0.213 | Acc: 94.720% (9472/10000)

Epoch: 215
learning rate is 1.0000000000000003e-05
Training Loss: 0.003 | Acc: 99.978% (49989/50000)
Testing Loss: 0.212 | Acc: 94.710% (9471/10000)

Epoch: 216
learning rate is 1.0000000000000003e-05
Training Loss: 0.004 | Acc: 99.976% (49988/50000)
Testing Loss: 0.212 | Acc: 94.720% (9472/10000)

Epoch: 217
learning rate is 1.0000000000000003e-05
Training Loss: 0.003 | Acc: 99.960% (49980/50000)
Testing Loss: 0.212 | Acc: 94.760% (9476/10000)

Epoch: 218
learning rate is 1.0000000000000003e-05
Training Loss: 0.003 | Acc: 99.974% (49987/50000)
Testing Loss: 0.214 | Acc: 94.670% (9467/10000)

Epoch: 219
learning rate is 1.0000000000000003e-05
Training Loss: 0.003 | Acc: 99.972% (49986/50000)
Testing Loss: 0.213 | Acc: 94.690% (9469/10000)

Epoch: 220
learning rate is 1.0000000000000003e-05
Training Loss: 0.003 | Acc: 99.974% (49987/50000)
Testing Loss: 0.211 | Acc: 94.780% (9478/10000)

Epoch: 221
learning rate is 1.0000000000000003e-05
Training Loss: 0.003 | Acc: 99.982% (49991/50000)
Testing Loss: 0.212 | Acc: 94.760% (9476/10000)

Epoch: 222
learning rate is 1.0000000000000003e-05
Training Loss: 0.003 | Acc: 99.966% (49983/50000)
Testing Loss: 0.209 | Acc: 94.740% (9474/10000)

Epoch: 223
learning rate is 1.0000000000000003e-05
Training Loss: 0.003 | Acc: 99.968% (49984/50000)
Testing Loss: 0.214 | Acc: 94.690% (9469/10000)

Epoch: 224
learning rate is 1.0000000000000003e-05
Training Loss: 0.003 | Acc: 99.982% (49991/50000)
Testing Loss: 0.213 | Acc: 94.610% (9461/10000)

Epoch: 225
learning rate is 1.0000000000000003e-05
Training Loss: 0.003 | Acc: 99.960% (49980/50000)
Testing Loss: 0.211 | Acc: 94.720% (9472/10000)

Epoch: 226
learning rate is 1.0000000000000003e-05
Training Loss: 0.003 | Acc: 99.970% (49985/50000)
Testing Loss: 0.211 | Acc: 94.810% (9481/10000)

Epoch: 227
learning rate is 1.0000000000000003e-05
Training Loss: 0.003 | Acc: 99.970% (49985/50000)
Testing Loss: 0.213 | Acc: 94.750% (9475/10000)

Epoch: 228
learning rate is 1.0000000000000003e-05
Training Loss: 0.003 | Acc: 99.972% (49986/50000)
Testing Loss: 0.211 | Acc: 94.760% (9476/10000)

Epoch: 229
learning rate is 1.0000000000000003e-05
Training Loss: 0.003 | Acc: 99.968% (49984/50000)
Testing Loss: 0.212 | Acc: 94.740% (9474/10000)

Epoch: 230
learning rate is 1.0000000000000003e-05
Training Loss: 0.003 | Acc: 99.966% (49983/50000)
Testing Loss: 0.214 | Acc: 94.730% (9473/10000)

Epoch: 231
learning rate is 1.0000000000000003e-05
Training Loss: 0.003 | Acc: 99.970% (49985/50000)
Testing Loss: 0.212 | Acc: 94.730% (9473/10000)

Epoch: 232
learning rate is 1.0000000000000003e-05
Training Loss: 0.003 | Acc: 99.968% (49984/50000)
Testing Loss: 0.211 | Acc: 94.720% (9472/10000)

Epoch: 233
learning rate is 1.0000000000000003e-05
Training Loss: 0.003 | Acc: 99.960% (49980/50000)
Testing Loss: 0.212 | Acc: 94.720% (9472/10000)

Epoch: 234
learning rate is 1.0000000000000003e-05
Training Loss: 0.003 | Acc: 99.980% (49990/50000)
Testing Loss: 0.212 | Acc: 94.720% (9472/10000)

Epoch: 235
learning rate is 1.0000000000000003e-05
Training Loss: 0.003 | Acc: 99.976% (49988/50000)
Testing Loss: 0.214 | Acc: 94.760% (9476/10000)

Epoch: 236
learning rate is 1.0000000000000003e-05
Training Loss: 0.003 | Acc: 99.978% (49989/50000)
Testing Loss: 0.213 | Acc: 94.740% (9474/10000)

Epoch: 237
learning rate is 1.0000000000000003e-05
